TN:
SF:/usr/src/app/app.js
FN:15,(anonymous_0)
FNF:1
FNH:1
FNDA:1,(anonymous_0)
DA:1,1
DA:2,1
DA:6,1
DA:7,1
DA:11,1
DA:12,1
DA:14,1
DA:15,1
DA:16,1
DA:19,1
LF:10
LH:10
BRF:0
BRH:0
end_of_record
TN:
SF:/usr/src/app/config/db.js
FN:10,(anonymous_0)
FNF:1
FNH:0
FNDA:0,(anonymous_0)
DA:1,1
DA:2,1
DA:3,1
DA:10,1
DA:11,0
DA:12,0
DA:14,1
LF:7
LH:5
BRF:0
BRH:0
end_of_record
TN:
SF:/usr/src/app/config/environment.js
FNF:0
FNH:0
DA:2,1
DA:3,1
DA:7,1
DA:13,1
DA:19,1
DA:27,1
DA:34,1
DA:35,1
LF:8
LH:8
BRDA:8,0,0,1
BRDA:8,0,1,1
BRDA:9,1,0,1
BRDA:9,1,1,0
BRDA:14,2,0,1
BRDA:14,2,1,0
BRDA:15,3,0,1
BRDA:15,3,1,0
BRDA:30,4,0,1
BRDA:30,4,1,0
BRDA:31,5,0,1
BRDA:31,5,1,0
BRF:12
BRH:7
end_of_record
TN:
SF:/usr/src/app/config/models.js
FNF:0
FNH:0
DA:1,1
DA:2,1
DA:4,1
DA:27,1
DA:56,1
DA:85,1
DA:101,1
LF:7
LH:7
BRF:0
BRH:0
end_of_record
TN:
SF:/usr/src/app/config/orm.database.js
FN:24,(anonymous_0)
FN:27,(anonymous_1)
FNF:2
FNH:1
FNDA:1,(anonymous_0)
FNDA:0,(anonymous_1)
DA:1,1
DA:2,1
DA:3,1
DA:5,1
DA:22,1
DA:25,1
DA:28,0
DA:31,1
LF:8
LH:7
BRF:0
BRH:0
end_of_record
TN:
SF:/usr/src/app/controllers/generate-hotp.controller.js
FN:2,(anonymous_0)
FN:4,(anonymous_1)
FNF:2
FNH:0
FNDA:0,(anonymous_0)
FNDA:0,(anonymous_1)
DA:1,1
DA:2,1
DA:3,0
DA:4,0
DA:5,0
DA:6,0
DA:10,0
DA:13,0
LF:8
LH:2
BRDA:3,0,0,0
BRDA:3,0,1,0
BRDA:5,1,0,0
BRDA:5,1,1,0
BRF:4
BRH:0
end_of_record
TN:
SF:/usr/src/app/controllers/generate-totp.controller.js
FN:4,(anonymous_0)
FN:21,(anonymous_1)
FNF:2
FNH:2
FNDA:14,(anonymous_0)
FNDA:10,(anonymous_1)
DA:1,1
DA:2,1
DA:4,1
DA:5,14
DA:7,14
DA:8,3
DA:13,11
DA:14,11
DA:15,1
DA:21,10
DA:22,10
LF:11
LH:11
BRDA:7,0,0,3
BRDA:7,0,1,11
BRDA:7,1,0,14
BRDA:7,1,1,13
BRDA:7,1,2,12
BRDA:14,2,0,1
BRDA:14,2,1,10
BRF:7
BRH:7
end_of_record
TN:
SF:/usr/src/app/controllers/invalidate-transaction.controller.js
FN:3,(anonymous_0)
FN:5,(anonymous_1)
FNF:2
FNH:2
FNDA:3,(anonymous_0)
FNDA:3,(anonymous_1)
DA:1,1
DA:3,1
DA:5,3
DA:6,3
LF:4
LH:4
BRF:0
BRH:0
end_of_record
TN:
SF:/usr/src/app/controllers/validate-transaction.controller.js
FN:3,(anonymous_0)
FN:5,(anonymous_1)
FNF:2
FNH:2
FNDA:3,(anonymous_0)
FNDA:3,(anonymous_1)
DA:1,1
DA:3,1
DA:5,3
DA:6,3
LF:4
LH:4
BRF:0
BRH:0
end_of_record
TN:
SF:/usr/src/app/controllers/verify-hotp.controller.js
FN:3,(anonymous_0)
FN:6,(anonymous_1)
FNF:2
FNH:0
FNDA:0,(anonymous_0)
FNDA:0,(anonymous_1)
DA:1,1
DA:3,1
DA:4,0
DA:5,0
DA:6,0
DA:7,0
DA:8,0
DA:12,0
LF:8
LH:2
BRDA:4,0,0,0
BRDA:4,0,1,0
BRDA:7,1,0,0
BRDA:7,1,1,0
BRF:4
BRH:0
end_of_record
TN:
SF:/usr/src/app/controllers/verify-topt.controller.js
FN:2,(anonymous_0)
FN:8,(anonymous_1)
FNF:2
FNH:2
FNDA:12,(anonymous_0)
FNDA:7,(anonymous_1)
DA:1,1
DA:2,1
DA:3,12
DA:4,12
DA:8,7
DA:9,7
LF:6
LH:6
BRDA:4,0,0,5
BRDA:4,0,1,7
BRDA:4,1,0,12
BRDA:4,1,1,11
BRDA:4,1,2,10
BRDA:4,1,3,9
BRDA:4,1,4,8
BRF:7
BRH:7
end_of_record
TN:
SF:/usr/src/app/controllers/verify-user.controller.js
FN:4,(anonymous_0)
FN:12,(anonymous_1)
FNF:2
FNH:2
FNDA:4,(anonymous_0)
FNDA:2,(anonymous_1)
DA:2,1
DA:4,1
DA:5,4
DA:6,4
DA:7,4
DA:8,2
DA:12,2
DA:13,2
LF:8
LH:8
BRDA:7,0,0,2
BRDA:7,0,1,2
BRDA:7,1,0,4
BRDA:7,1,1,1
BRDA:7,1,2,3
BRDA:7,1,3,3
BRF:6
BRH:6
end_of_record
TN:
SF:/usr/src/app/helpers/add-minute-to-date.js
FN:8,AddMinutesToDate
FNF:1
FNH:1
FNDA:11,AddMinutesToDate
DA:9,11
DA:12,1
LF:2
LH:2
BRF:0
BRH:0
end_of_record
TN:
SF:/usr/src/app/helpers/mobile-number.modify.js
FN:7,updateMobileNumber
FNF:1
FNH:1
FNDA:36,updateMobileNumber
DA:8,36
DA:9,15
DA:11,3
DA:12,3
DA:15,1
LF:5
LH:5
BRDA:8,0,0,21
BRDA:8,0,1,15
BRDA:9,1,0,12
BRDA:9,1,1,3
BRDA:11,2,0,2
BRDA:11,2,1,1
BRF:6
BRH:6
end_of_record
TN:
SF:/usr/src/app/helpers/subscriber.js
FN:12,(anonymous_0)
FN:37,(anonymous_1)
FN:49,(anonymous_2)
FN:70,(anonymous_3)
FN:265,(anonymous_4)
FN:271,(anonymous_5)
FN:275,(anonymous_6)
FN:279,(anonymous_7)
FN:283,(anonymous_8)
FNF:9
FNH:7
FNDA:47,(anonymous_0)
FNDA:0,(anonymous_1)
FNDA:0,(anonymous_2)
FNDA:13,(anonymous_3)
FNDA:33,(anonymous_4)
FNDA:12,(anonymous_5)
FNDA:11,(anonymous_6)
FNDA:10,(anonymous_7)
FNDA:1,(anonymous_8)
DA:1,1
DA:3,1
DA:12,1
DA:13,47
DA:15,47
DA:16,47
DA:17,47
DA:18,45
DA:27,2
DA:37,1
DA:38,0
DA:39,0
DA:49,1
DA:50,0
DA:51,0
DA:70,1
DA:72,13
DA:74,13
DA:76,13
DA:84,13
DA:85,2
DA:86,2
DA:87,2
DA:90,11
DA:92,11
DA:94,11
DA:95,1
DA:96,1
DA:98,10
DA:99,1
DA:100,1
DA:102,9
DA:103,9
DA:104,9
DA:107,0
DA:110,11
DA:113,1
DA:153,1
DA:167,1
DA:213,1
DA:265,1
DA:266,33
DA:267,33
DA:268,33
DA:271,1
DA:272,12
DA:275,1
DA:276,11
DA:279,1
DA:280,10
DA:283,1
DA:284,1
DA:286,1
DA:288,1
DA:290,1
DA:291,1
DA:293,1
DA:294,3
DA:295,3
DA:296,1
DA:300,0
DA:303,1
LF:62
LH:56
BRDA:17,0,0,45
BRDA:17,0,1,2
BRDA:39,1,0,0
BRDA:39,1,1,0
BRDA:51,2,0,0
BRDA:51,2,1,0
BRDA:72,3,0,13
BRDA:72,3,1,13
BRDA:84,4,0,2
BRDA:84,4,1,11
BRDA:90,5,0,0
BRDA:90,5,1,11
BRDA:94,6,0,1
BRDA:94,6,1,10
BRDA:98,7,0,1
BRDA:98,7,1,9
BRDA:102,8,0,9
BRDA:102,8,1,0
BRDA:267,9,0,0
BRDA:267,9,1,33
BRDA:268,10,0,14
BRDA:268,10,1,19
BRDA:286,11,0,0
BRDA:286,11,1,1
BRDA:295,12,0,1
BRDA:295,12,1,2
BRF:26
BRH:18
end_of_record
TN:
SF:/usr/src/app/models/_transaction.util.js
FN:17,createTransaction
FN:31,(anonymous_1)
FNF:2
FNH:2
FNDA:7,createTransaction
FNDA:7,(anonymous_1)
DA:2,1
DA:3,1
DA:4,1
DA:18,7
DA:20,7
DA:22,7
DA:25,7
DA:32,7
DA:36,1
LF:9
LH:9
BRDA:18,0,0,7
BRDA:18,0,1,0
BRF:2
BRH:1
end_of_record
TN:
SF:/usr/src/app/models/auth.model.js
FN:11,verifyUser
FN:20,(anonymous_1)
FN:29,(anonymous_2)
FN:44,(anonymous_3)
FN:53,(anonymous_4)
FNF:5
FNH:2
FNDA:22,verifyUser
FNDA:22,(anonymous_1)
FNDA:0,(anonymous_2)
FNDA:0,(anonymous_3)
FNDA:0,(anonymous_4)
DA:2,1
DA:3,1
DA:12,22
DA:14,22
DA:16,22
DA:21,22
DA:23,22
DA:26,0
DA:30,0
DA:40,0
DA:45,0
DA:47,0
DA:50,0
DA:54,0
DA:65,1
LF:15
LH:8
BRDA:12,0,0,22
BRDA:12,0,1,0
BRDA:21,1,0,22
BRDA:21,1,1,0
BRDA:21,2,0,22
BRDA:21,2,1,22
BRDA:45,3,0,0
BRDA:45,3,1,0
BRDA:45,4,0,0
BRDA:45,4,1,0
BRF:10
BRH:4
end_of_record
TN:
SF:/usr/src/app/models/helper.model.js
FN:15,getNewOtp
FN:24,getNewSecret
FN:34,configureOTP
FN:48,checkBlackListApp
FN:51,(anonymous_4)
FN:59,(anonymous_5)
FN:65,(anonymous_6)
FNF:7
FNH:6
FNDA:10,getNewOtp
FNDA:7,getNewSecret
FNDA:10,configureOTP
FNDA:10,checkBlackListApp
FNDA:10,(anonymous_4)
FNDA:10,(anonymous_5)
FNDA:0,(anonymous_6)
DA:2,1
DA:3,1
DA:4,1
DA:5,1
DA:8,1
DA:9,1
DA:16,10
DA:25,7
DA:35,10
DA:49,10
DA:51,10
DA:52,10
DA:54,10
DA:57,10
DA:60,10
DA:61,0
DA:63,10
DA:66,0
DA:69,0
DA:73,1
LF:20
LH:17
BRDA:52,0,0,10
BRDA:52,0,1,0
BRDA:52,1,0,10
BRDA:52,1,1,10
BRDA:60,2,0,0
BRDA:60,2,1,10
BRF:6
BRH:4
end_of_record
TN:
SF:/usr/src/app/models/otp.model.js
FN:41,generateTOtp
FN:47,(anonymous_1)
FN:75,alwaysCreateOTP
FN:76,(anonymous_3)
FN:82,(anonymous_4)
FN:100,(anonymous_5)
FN:108,(anonymous_6)
FN:130,(anonymous_7)
FN:143,(anonymous_8)
FN:154,(anonymous_9)
FN:166,(anonymous_10)
FN:180,processFloodControl
FN:187,(anonymous_12)
FN:217,(anonymous_13)
FN:225,(anonymous_14)
FN:226,(anonymous_15)
FN:229,(anonymous_16)
FN:240,(anonymous_17)
FN:250,floodControlTimeValidity
FN:261,insertOtpRecord
FN:271,(anonymous_20)
FN:292,(anonymous_21)
FN:299,(anonymous_22)
FN:327,verifyTOtp
FN:328,(anonymous_24)
FN:359,(anonymous_25)
FN:368,(anonymous_26)
FN:369,(anonymous_27)
FN:376,(anonymous_28)
FN:382,(anonymous_29)
FN:412,(anonymous_30)
FN:422,(anonymous_31)
FN:423,(anonymous_32)
FN:435,(anonymous_33)
FN:455,(anonymous_34)
FN:466,(anonymous_35)
FN:494,invalidateOTP
FN:505,(anonymous_37)
FN:508,(anonymous_38)
FN:528,sendOtpSms
FN:551,(anonymous_40)
FN:558,(anonymous_41)
FN:568,getOtpMsgTemplate
FNF:43
FNH:20
FNDA:10,generateTOtp
FNDA:10,(anonymous_1)
FNDA:10,alwaysCreateOTP
FNDA:10,(anonymous_3)
FNDA:10,(anonymous_4)
FNDA:10,(anonymous_5)
FNDA:10,(anonymous_6)
FNDA:10,(anonymous_7)
FNDA:0,(anonymous_8)
FNDA:0,(anonymous_9)
FNDA:0,(anonymous_10)
FNDA:17,processFloodControl
FNDA:17,(anonymous_12)
FNDA:0,(anonymous_13)
FNDA:0,(anonymous_14)
FNDA:0,(anonymous_15)
FNDA:0,(anonymous_16)
FNDA:0,(anonymous_17)
FNDA:0,floodControlTimeValidity
FNDA:0,insertOtpRecord
FNDA:0,(anonymous_20)
FNDA:0,(anonymous_21)
FNDA:0,(anonymous_22)
FNDA:7,verifyTOtp
FNDA:7,(anonymous_24)
FNDA:7,(anonymous_25)
FNDA:7,(anonymous_26)
FNDA:7,(anonymous_27)
FNDA:7,(anonymous_28)
FNDA:0,(anonymous_29)
FNDA:0,(anonymous_30)
FNDA:0,(anonymous_31)
FNDA:0,(anonymous_32)
FNDA:0,(anonymous_33)
FNDA:0,(anonymous_34)
FNDA:0,(anonymous_35)
FNDA:7,invalidateOTP
FNDA:7,(anonymous_37)
FNDA:0,(anonymous_38)
FNDA:10,sendOtpSms
FNDA:0,(anonymous_40)
FNDA:0,(anonymous_41)
FNDA:10,getOtpMsgTemplate
DA:2,1
DA:13,1
DA:14,1
DA:15,1
DA:21,1
DA:22,1
DA:23,1
DA:24,1
DA:30,1
DA:32,1
DA:42,10
DA:44,10
DA:46,10
DA:47,10
DA:48,10
DA:49,0
DA:58,10
DA:63,0
DA:76,10
DA:77,10
DA:79,10
DA:82,10
DA:84,10
DA:85,10
DA:86,0
DA:93,10
DA:96,10
DA:101,10
DA:103,10
DA:105,10
DA:108,10
DA:110,10
DA:111,0
DA:120,10
DA:122,10
DA:133,10
DA:143,0
DA:145,0
DA:154,0
DA:155,0
DA:166,0
DA:167,0
DA:182,17
DA:183,17
DA:188,17
DA:189,17
DA:190,17
DA:193,9
DA:195,9
DA:197,0
DA:202,0
DA:203,0
DA:208,0
DA:209,0
DA:212,0
DA:220,0
DA:221,0
DA:222,0
DA:225,0
DA:226,0
DA:229,0
DA:232,0
DA:235,9
DA:237,8
DA:241,0
DA:251,0
DA:265,0
DA:267,0
DA:268,0
DA:271,0
DA:272,0
DA:273,0
DA:282,0
DA:286,0
DA:289,0
DA:293,0
DA:300,0
DA:311,0
DA:328,7
DA:329,7
DA:330,0
DA:331,0
DA:338,7
DA:340,7
DA:360,7
DA:361,7
DA:365,7
DA:369,7
DA:370,7
DA:377,7
DA:383,0
DA:392,0
DA:393,0
DA:404,0
DA:405,0
DA:413,0
DA:414,0
DA:418,0
DA:423,0
DA:424,0
DA:425,0
DA:436,0
DA:445,0
DA:446,0
DA:456,0
DA:467,0
DA:476,0
DA:495,7
DA:506,7
DA:509,0
DA:530,10
DA:533,10
DA:535,0
DA:550,0
DA:554,0
DA:555,0
DA:556,0
DA:559,0
DA:569,10
DA:572,1
LF:120
LH:57
BRDA:46,0,0,10
BRDA:46,0,1,0
BRDA:48,1,0,0
BRDA:48,1,1,10
BRDA:77,2,0,10
BRDA:77,2,1,0
BRDA:77,3,0,10
BRDA:77,3,1,10
BRDA:85,4,0,0
BRDA:85,4,1,10
BRDA:85,5,0,10
BRDA:85,5,1,0
BRDA:93,6,0,10
BRDA:93,6,1,0
BRDA:93,7,0,10
BRDA:93,7,1,10
BRDA:101,8,0,10
BRDA:101,8,1,0
BRDA:101,9,0,10
BRDA:101,9,1,10
BRDA:110,10,0,0
BRDA:110,10,1,10
BRDA:120,11,0,10
BRDA:120,11,1,0
BRDA:190,12,0,9
BRDA:190,12,1,8
BRDA:195,13,0,0
BRDA:195,13,1,9
BRDA:208,14,0,0
BRDA:208,14,1,0
BRDA:272,15,0,0
BRDA:272,15,1,0
BRDA:282,16,0,0
BRDA:282,16,1,0
BRDA:329,17,0,0
BRDA:329,17,1,7
BRDA:329,18,0,7
BRDA:329,18,1,0
BRDA:338,19,0,7
BRDA:338,19,1,0
BRDA:338,20,0,7
BRDA:338,20,1,7
BRDA:360,21,0,7
BRDA:360,21,1,0
BRDA:361,22,0,7
BRDA:361,22,1,0
BRDA:414,23,0,0
BRDA:414,23,1,0
BRDA:533,24,0,10
BRDA:533,24,1,0
BRDA:555,25,0,0
BRDA:555,25,1,0
BRF:52
BRH:26
end_of_record
TN:
SF:/usr/src/app/models/transaction.model.js
FN:19,validateTransaction
FN:31,(anonymous_1)
FN:38,(anonymous_2)
FN:63,invalidateTransaction
FN:82,(anonymous_4)
FN:90,(anonymous_5)
FNF:6
FNH:4
FNDA:3,validateTransaction
FNDA:3,(anonymous_1)
FNDA:0,(anonymous_2)
FNDA:3,invalidateTransaction
FNDA:3,(anonymous_4)
FNDA:0,(anonymous_5)
DA:1,1
DA:2,1
DA:20,3
DA:21,3
DA:23,3
DA:32,3
DA:33,2
DA:35,1
DA:39,0
DA:64,3
DA:65,3
DA:66,3
DA:68,3
DA:83,3
DA:84,3
DA:85,3
DA:87,0
DA:91,0
DA:92,0
DA:100,1
LF:20
LH:16
BRDA:32,0,0,2
BRDA:32,0,1,1
BRDA:84,1,0,3
BRDA:84,1,1,0
BRF:4
BRH:3
end_of_record
TN:
SF:/usr/src/app/routes/index.router.js
FNF:0
FNH:0
DA:2,1
DA:8,1
DA:9,1
DA:10,1
DA:11,1
DA:12,1
DA:13,1
DA:14,1
DA:15,1
DA:16,1
DA:18,1
DA:19,1
DA:20,1
DA:21,1
DA:22,1
DA:24,1
DA:28,1
DA:29,1
LF:18
LH:18
BRF:0
BRH:0
end_of_record
TN:
SF:/usr/src/app/tests/generate-otp-endpoint.spec.js
FN:12,(anonymous_0)
FN:13,(anonymous_1)
FN:20,(anonymous_2)
FN:26,(anonymous_3)
FN:31,(anonymous_4)
FN:37,(anonymous_5)
FN:42,(anonymous_6)
FN:48,(anonymous_7)
FN:53,(anonymous_8)
FN:59,(anonymous_9)
FN:64,(anonymous_10)
FN:69,(anonymous_11)
FN:76,(anonymous_12)
FN:77,(anonymous_13)
FN:88,(anonymous_14)
FN:93,(anonymous_15)
FN:104,(anonymous_16)
FN:109,(anonymous_17)
FN:120,(anonymous_18)
FN:125,(anonymous_19)
FN:136,(anonymous_20)
FN:143,(anonymous_21)
FN:144,(anonymous_22)
FN:155,(anonymous_23)
FN:161,(anonymous_24)
FN:172,(anonymous_25)
FN:184,(anonymous_26)
FN:196,(anonymous_27)
FN:208,(anonymous_28)
FN:214,(anonymous_29)
FN:223,(anonymous_30)
FN:235,(anonymous_31)
FNF:32
FNH:26
FNDA:1,(anonymous_0)
FNDA:1,(anonymous_1)
FNDA:1,(anonymous_2)
FNDA:1,(anonymous_3)
FNDA:1,(anonymous_4)
FNDA:1,(anonymous_5)
FNDA:1,(anonymous_6)
FNDA:1,(anonymous_7)
FNDA:1,(anonymous_8)
FNDA:1,(anonymous_9)
FNDA:1,(anonymous_10)
FNDA:1,(anonymous_11)
FNDA:1,(anonymous_12)
FNDA:1,(anonymous_13)
FNDA:1,(anonymous_14)
FNDA:1,(anonymous_15)
FNDA:1,(anonymous_16)
FNDA:1,(anonymous_17)
FNDA:1,(anonymous_18)
FNDA:1,(anonymous_19)
FNDA:1,(anonymous_20)
FNDA:1,(anonymous_21)
FNDA:1,(anonymous_22)
FNDA:1,(anonymous_23)
FNDA:0,(anonymous_24)
FNDA:0,(anonymous_25)
FNDA:0,(anonymous_26)
FNDA:0,(anonymous_27)
FNDA:0,(anonymous_28)
FNDA:0,(anonymous_29)
FNDA:1,(anonymous_30)
FNDA:1,(anonymous_31)
DA:1,1
DA:2,1
DA:3,1
DA:4,1
DA:5,1
DA:7,1
DA:12,1
DA:13,1
DA:14,1
DA:20,1
DA:21,1
DA:27,1
DA:28,1
DA:31,1
DA:32,1
DA:38,1
DA:39,1
DA:42,1
DA:43,1
DA:49,1
DA:50,1
DA:53,1
DA:54,1
DA:60,1
DA:61,1
DA:64,1
DA:65,1
DA:70,1
DA:71,1
DA:76,1
DA:77,1
DA:78,1
DA:83,1
DA:89,1
DA:90,1
DA:93,1
DA:94,1
DA:99,1
DA:105,1
DA:106,1
DA:109,1
DA:110,1
DA:115,1
DA:121,1
DA:122,1
DA:125,1
DA:126,1
DA:131,1
DA:137,1
DA:138,1
DA:143,1
DA:144,1
DA:145,1
DA:150,1
DA:156,1
DA:157,1
DA:161,1
DA:162,0
DA:167,0
DA:173,0
DA:185,0
DA:197,0
DA:209,0
DA:215,0
DA:216,0
DA:223,1
DA:224,1
DA:230,1
DA:236,1
DA:237,0
LF:70
LH:61
BRF:0
BRH:0
end_of_record
TN:
SF:/usr/src/app/tests/invalidate-endpoint.spec.js
FN:14,(anonymous_0)
FN:15,(anonymous_1)
FN:16,(anonymous_2)
FN:27,(anonymous_3)
FN:33,(anonymous_4)
FN:43,(anonymous_5)
FN:50,(anonymous_6)
FN:56,(anonymous_7)
FN:61,(anonymous_8)
FN:66,(anonymous_9)
FN:71,(anonymous_10)
FN:79,(anonymous_11)
FN:84,(anonymous_12)
FN:90,(anonymous_13)
FN:96,(anonymous_14)
FN:97,(anonymous_15)
FN:108,(anonymous_16)
FN:114,(anonymous_17)
FN:124,(anonymous_18)
FN:132,(anonymous_19)
FN:149,(anonymous_20)
FNF:21
FNH:19
FNDA:1,(anonymous_0)
FNDA:1,(anonymous_1)
FNDA:1,(anonymous_2)
FNDA:1,(anonymous_3)
FNDA:1,(anonymous_4)
FNDA:1,(anonymous_5)
FNDA:1,(anonymous_6)
FNDA:1,(anonymous_7)
FNDA:1,(anonymous_8)
FNDA:1,(anonymous_9)
FNDA:1,(anonymous_10)
FNDA:1,(anonymous_11)
FNDA:1,(anonymous_12)
FNDA:1,(anonymous_13)
FNDA:1,(anonymous_14)
FNDA:1,(anonymous_15)
FNDA:1,(anonymous_16)
FNDA:1,(anonymous_17)
FNDA:1,(anonymous_18)
FNDA:0,(anonymous_19)
FNDA:0,(anonymous_20)
DA:1,1
DA:2,1
DA:3,1
DA:4,1
DA:5,1
DA:7,1
DA:14,1
DA:15,1
DA:16,1
DA:17,1
DA:22,1
DA:28,1
DA:34,1
DA:35,1
DA:44,1
DA:45,1
DA:50,1
DA:51,1
DA:57,1
DA:58,1
DA:61,1
DA:62,1
DA:67,1
DA:68,1
DA:71,1
DA:72,1
DA:80,1
DA:81,1
DA:84,1
DA:85,1
DA:91,1
DA:92,1
DA:96,1
DA:97,1
DA:98,1
DA:103,1
DA:109,1
DA:115,1
DA:116,1
DA:125,1
DA:126,1
DA:132,1
DA:133,0
DA:138,0
DA:150,0
DA:151,0
DA:152,0
LF:47
LH:42
BRF:0
BRH:0
end_of_record
TN:
SF:/usr/src/app/tests/validate-endpoint.spec.js
FN:14,(anonymous_0)
FN:15,(anonymous_1)
FN:16,(anonymous_2)
FN:27,(anonymous_3)
FN:33,(anonymous_4)
FN:41,(anonymous_5)
FN:49,(anonymous_6)
FN:55,(anonymous_7)
FN:60,(anonymous_8)
FN:66,(anonymous_9)
FN:71,(anonymous_10)
FN:77,(anonymous_11)
FN:82,(anonymous_12)
FN:88,(anonymous_13)
FN:94,(anonymous_14)
FN:95,(anonymous_15)
FN:106,(anonymous_16)
FN:112,(anonymous_17)
FN:120,(anonymous_18)
FN:129,(anonymous_19)
FN:140,(anonymous_20)
FN:146,(anonymous_21)
FN:158,(anonymous_22)
FN:166,(anonymous_23)
FNF:24
FNH:24
FNDA:1,(anonymous_0)
FNDA:1,(anonymous_1)
FNDA:1,(anonymous_2)
FNDA:1,(anonymous_3)
FNDA:1,(anonymous_4)
FNDA:1,(anonymous_5)
FNDA:1,(anonymous_6)
FNDA:1,(anonymous_7)
FNDA:1,(anonymous_8)
FNDA:1,(anonymous_9)
FNDA:1,(anonymous_10)
FNDA:1,(anonymous_11)
FNDA:1,(anonymous_12)
FNDA:1,(anonymous_13)
FNDA:1,(anonymous_14)
FNDA:1,(anonymous_15)
FNDA:1,(anonymous_16)
FNDA:1,(anonymous_17)
FNDA:1,(anonymous_18)
FNDA:1,(anonymous_19)
FNDA:1,(anonymous_20)
FNDA:1,(anonymous_21)
FNDA:1,(anonymous_22)
FNDA:1,(anonymous_23)
DA:1,1
DA:2,1
DA:3,1
DA:4,1
DA:5,1
DA:7,1
DA:14,1
DA:15,1
DA:16,1
DA:17,1
DA:22,1
DA:28,1
DA:34,1
DA:42,1
DA:43,1
DA:44,1
DA:49,1
DA:50,1
DA:56,1
DA:57,1
DA:60,1
DA:61,1
DA:67,1
DA:68,1
DA:71,1
DA:72,1
DA:78,1
DA:79,1
DA:82,1
DA:83,1
DA:89,1
DA:90,1
DA:94,1
DA:95,1
DA:96,1
DA:101,1
DA:107,1
DA:113,1
DA:121,1
DA:122,1
DA:123,1
DA:124,1
DA:129,1
DA:130,1
DA:135,1
DA:141,1
DA:147,1
DA:148,1
DA:159,1
DA:167,1
DA:168,1
DA:169,1
DA:170,1
DA:171,1
LF:54
LH:54
BRF:0
BRH:0
end_of_record
TN:
SF:/usr/src/app/tests/verify-otp-endpoint.spec.js
FN:18,(anonymous_0)
FN:19,(anonymous_1)
FN:20,(anonymous_2)
FN:31,(anonymous_3)
FN:37,(anonymous_4)
FN:43,(anonymous_5)
FN:49,(anonymous_6)
FN:54,(anonymous_7)
FN:60,(anonymous_8)
FN:65,(anonymous_9)
FN:71,(anonymous_10)
FN:76,(anonymous_11)
FN:81,(anonymous_12)
FN:88,(anonymous_13)
FN:89,(anonymous_14)
FN:100,(anonymous_15)
FN:105,(anonymous_16)
FN:116,(anonymous_17)
FN:121,(anonymous_18)
FN:132,(anonymous_19)
FN:137,(anonymous_20)
FN:148,(anonymous_21)
FN:153,(anonymous_22)
FN:164,(anonymous_23)
FN:171,(anonymous_24)
FN:172,(anonymous_25)
FN:184,(anonymous_26)
FN:190,(anonymous_27)
FN:197,(anonymous_28)
FN:209,(anonymous_29)
FN:221,(anonymous_30)
FN:233,(anonymous_31)
FN:245,(anonymous_32)
FN:251,(anonymous_33)
FN:259,(anonymous_34)
FNF:35
FNH:28
FNDA:1,(anonymous_0)
FNDA:1,(anonymous_1)
FNDA:1,(anonymous_2)
FNDA:1,(anonymous_3)
FNDA:1,(anonymous_4)
FNDA:1,(anonymous_5)
FNDA:1,(anonymous_6)
FNDA:1,(anonymous_7)
FNDA:1,(anonymous_8)
FNDA:1,(anonymous_9)
FNDA:1,(anonymous_10)
FNDA:1,(anonymous_11)
FNDA:1,(anonymous_12)
FNDA:1,(anonymous_13)
FNDA:1,(anonymous_14)
FNDA:1,(anonymous_15)
FNDA:1,(anonymous_16)
FNDA:1,(anonymous_17)
FNDA:1,(anonymous_18)
FNDA:1,(anonymous_19)
FNDA:1,(anonymous_20)
FNDA:1,(anonymous_21)
FNDA:1,(anonymous_22)
FNDA:1,(anonymous_23)
FNDA:1,(anonymous_24)
FNDA:1,(anonymous_25)
FNDA:1,(anonymous_26)
FNDA:1,(anonymous_27)
FNDA:0,(anonymous_28)
FNDA:0,(anonymous_29)
FNDA:0,(anonymous_30)
FNDA:0,(anonymous_31)
FNDA:0,(anonymous_32)
FNDA:0,(anonymous_33)
FNDA:0,(anonymous_34)
DA:1,1
DA:2,1
DA:3,1
DA:4,1
DA:5,1
DA:7,1
DA:12,1
DA:18,1
DA:19,1
DA:20,1
DA:21,1
DA:26,1
DA:32,1
DA:38,1
DA:39,1
DA:43,1
DA:44,1
DA:50,1
DA:51,1
DA:54,1
DA:55,1
DA:61,1
DA:62,1
DA:65,1
DA:66,1
DA:72,1
DA:73,1
DA:76,1
DA:77,1
DA:82,1
DA:83,1
DA:88,1
DA:89,1
DA:90,1
DA:95,1
DA:101,1
DA:102,1
DA:105,1
DA:106,1
DA:111,1
DA:117,1
DA:118,1
DA:121,1
DA:122,1
DA:127,1
DA:133,1
DA:134,1
DA:137,1
DA:138,1
DA:143,1
DA:149,1
DA:150,1
DA:153,1
DA:154,1
DA:159,1
DA:165,1
DA:166,1
DA:171,1
DA:172,1
DA:173,1
DA:179,1
DA:185,1
DA:191,1
DA:192,1
DA:197,1
DA:198,0
DA:204,0
DA:210,0
DA:222,0
DA:234,0
DA:246,0
DA:252,0
DA:253,0
DA:259,0
LF:74
LH:65
BRF:0
BRH:0
end_of_record
TN:
SF:/usr/src/app/tests/verify-user-endpoint.spec.js
FN:13,(anonymous_0)
FN:14,(anonymous_1)
FN:15,(anonymous_2)
FN:24,(anonymous_3)
FN:30,(anonymous_4)
FN:40,(anonymous_5)
FN:45,(anonymous_6)
FN:55,(anonymous_7)
FN:60,(anonymous_8)
FN:65,(anonymous_9)
FN:70,(anonymous_10)
FN:80,(anonymous_11)
FN:87,(anonymous_12)
FN:88,(anonymous_13)
FN:98,(anonymous_14)
FN:103,(anonymous_15)
FN:110,(anonymous_16)
FN:117,(anonymous_17)
FN:118,(anonymous_18)
FN:127,(anonymous_19)
FNF:20
FNH:20
FNDA:1,(anonymous_0)
FNDA:1,(anonymous_1)
FNDA:1,(anonymous_2)
FNDA:1,(anonymous_3)
FNDA:1,(anonymous_4)
FNDA:1,(anonymous_5)
FNDA:1,(anonymous_6)
FNDA:1,(anonymous_7)
FNDA:1,(anonymous_8)
FNDA:1,(anonymous_9)
FNDA:1,(anonymous_10)
FNDA:1,(anonymous_11)
FNDA:1,(anonymous_12)
FNDA:1,(anonymous_13)
FNDA:1,(anonymous_14)
FNDA:1,(anonymous_15)
FNDA:1,(anonymous_16)
FNDA:1,(anonymous_17)
FNDA:1,(anonymous_18)
FNDA:1,(anonymous_19)
DA:1,1
DA:2,1
DA:3,1
DA:4,1
DA:5,1
DA:7,1
DA:13,1
DA:14,1
DA:15,1
DA:16,1
DA:19,1
DA:25,1
DA:26,1
DA:27,1
DA:30,1
DA:31,1
DA:35,1
DA:41,1
DA:42,1
DA:45,1
DA:46,1
DA:50,1
DA:56,1
DA:57,1
DA:60,1
DA:61,1
DA:66,1
DA:67,1
DA:70,1
DA:71,1
DA:75,1
DA:81,1
DA:82,1
DA:87,1
DA:88,1
DA:89,1
DA:93,1
DA:99,1
DA:100,1
DA:103,1
DA:104,1
DA:105,1
DA:111,1
DA:112,1
DA:117,1
DA:118,1
DA:119,1
DA:122,1
DA:128,1
DA:129,1
LF:50
LH:50
BRF:0
BRH:0
end_of_record
TN:
SF:/usr/src/app/tests/helpers/add-minute-to-date.spec.js
FN:5,(anonymous_0)
FN:6,(anonymous_1)
FNF:2
FNH:2
FNDA:1,(anonymous_0)
FNDA:1,(anonymous_1)
DA:1,1
DA:2,1
DA:3,1
DA:5,1
DA:6,1
DA:7,1
DA:8,1
DA:9,1
DA:10,1
DA:11,1
DA:12,1
DA:13,1
LF:12
LH:12
BRF:0
BRH:0
end_of_record
TN:
SF:/usr/src/app/tests/helpers/mobile-number-modify.spec.js
FN:4,(anonymous_0)
FN:5,(anonymous_1)
FN:12,(anonymous_2)
FN:19,(anonymous_3)
FN:25,(anonymous_4)
FNF:5
FNH:5
FNDA:1,(anonymous_0)
FNDA:1,(anonymous_1)
FNDA:1,(anonymous_2)
FNDA:1,(anonymous_3)
FNDA:1,(anonymous_4)
DA:1,1
DA:2,1
DA:4,1
DA:5,1
DA:6,1
DA:7,1
DA:8,1
DA:9,1
DA:12,1
DA:13,1
DA:14,1
DA:15,1
DA:16,1
DA:19,1
DA:20,1
DA:21,1
DA:22,1
DA:23,1
DA:25,1
DA:26,1
DA:27,1
DA:28,1
DA:29,1
LF:23
LH:23
BRF:0
BRH:0
end_of_record
TN:
SF:/usr/src/app/tests/helpers/mobile-telecom-verfier.spec.js
FN:4,(anonymous_0)
FN:5,(anonymous_1)
FN:11,(anonymous_2)
FN:17,(anonymous_3)
FN:22,(anonymous_4)
FN:27,(anonymous_5)
FN:32,(anonymous_6)
FNF:7
FNH:7
FNDA:1,(anonymous_0)
FNDA:1,(anonymous_1)
FNDA:1,(anonymous_2)
FNDA:1,(anonymous_3)
FNDA:1,(anonymous_4)
FNDA:1,(anonymous_5)
FNDA:1,(anonymous_6)
DA:1,1
DA:2,1
DA:4,1
DA:5,1
DA:6,1
DA:7,1
DA:8,1
DA:9,1
DA:11,1
DA:12,1
DA:13,1
DA:14,1
DA:15,1
DA:17,1
DA:18,1
DA:19,1
DA:20,1
DA:22,1
DA:23,1
DA:24,1
DA:25,1
DA:27,1
DA:28,1
DA:29,1
DA:30,1
DA:32,1
DA:33,1
DA:34,1
DA:35,1
LF:29
LH:29
BRF:0
BRH:0
end_of_record
