{"/usr/src/app/tests/generate-otp-endpoint.spec.js":{"path":"/usr/src/app/tests/generate-otp-endpoint.spec.js","statementMap":{"0":{"start":{"line":1,"column":13},"end":{"line":1,"column":28}},"1":{"start":{"line":2,"column":17},"end":{"line":2,"column":37}},"2":{"start":{"line":3,"column":12},"end":{"line":3,"column":29}},"3":{"start":{"line":4,"column":19},"end":{"line":4,"column":23}},"4":{"start":{"line":5,"column":0},"end":{"line":5,"column":19}},"5":{"start":{"line":7,"column":18},"end":{"line":10,"column":1}},"6":{"start":{"line":12,"column":0},"end":{"line":241,"column":3}},"7":{"start":{"line":13,"column":2},"end":{"line":74,"column":5}},"8":{"start":{"line":14,"column":15},"end":{"line":18,"column":5}},"9":{"start":{"line":20,"column":4},"end":{"line":30,"column":7}},"10":{"start":{"line":21,"column":6},"end":{"line":29,"column":11}},"11":{"start":{"line":27,"column":10},"end":{"line":27,"column":53}},"12":{"start":{"line":28,"column":10},"end":{"line":28,"column":17}},"13":{"start":{"line":31,"column":4},"end":{"line":41,"column":7}},"14":{"start":{"line":32,"column":6},"end":{"line":40,"column":11}},"15":{"start":{"line":38,"column":10},"end":{"line":38,"column":46}},"16":{"start":{"line":39,"column":10},"end":{"line":39,"column":17}},"17":{"start":{"line":42,"column":4},"end":{"line":52,"column":7}},"18":{"start":{"line":43,"column":6},"end":{"line":51,"column":11}},"19":{"start":{"line":49,"column":10},"end":{"line":49,"column":46}},"20":{"start":{"line":50,"column":10},"end":{"line":50,"column":17}},"21":{"start":{"line":53,"column":4},"end":{"line":63,"column":7}},"22":{"start":{"line":54,"column":6},"end":{"line":62,"column":11}},"23":{"start":{"line":60,"column":10},"end":{"line":60,"column":46}},"24":{"start":{"line":61,"column":10},"end":{"line":61,"column":17}},"25":{"start":{"line":64,"column":4},"end":{"line":73,"column":7}},"26":{"start":{"line":65,"column":6},"end":{"line":72,"column":11}},"27":{"start":{"line":70,"column":10},"end":{"line":70,"column":46}},"28":{"start":{"line":71,"column":10},"end":{"line":71,"column":17}},"29":{"start":{"line":76,"column":2},"end":{"line":141,"column":5}},"30":{"start":{"line":77,"column":4},"end":{"line":92,"column":7}},"31":{"start":{"line":78,"column":17},"end":{"line":82,"column":7}},"32":{"start":{"line":83,"column":6},"end":{"line":91,"column":11}},"33":{"start":{"line":89,"column":10},"end":{"line":89,"column":46}},"34":{"start":{"line":90,"column":10},"end":{"line":90,"column":17}},"35":{"start":{"line":93,"column":4},"end":{"line":108,"column":7}},"36":{"start":{"line":94,"column":17},"end":{"line":98,"column":7}},"37":{"start":{"line":99,"column":6},"end":{"line":107,"column":11}},"38":{"start":{"line":105,"column":10},"end":{"line":105,"column":46}},"39":{"start":{"line":106,"column":10},"end":{"line":106,"column":17}},"40":{"start":{"line":109,"column":4},"end":{"line":124,"column":7}},"41":{"start":{"line":110,"column":17},"end":{"line":114,"column":7}},"42":{"start":{"line":115,"column":6},"end":{"line":123,"column":11}},"43":{"start":{"line":121,"column":10},"end":{"line":121,"column":46}},"44":{"start":{"line":122,"column":10},"end":{"line":122,"column":17}},"45":{"start":{"line":125,"column":4},"end":{"line":140,"column":7}},"46":{"start":{"line":126,"column":17},"end":{"line":130,"column":7}},"47":{"start":{"line":131,"column":6},"end":{"line":139,"column":11}},"48":{"start":{"line":137,"column":10},"end":{"line":137,"column":46}},"49":{"start":{"line":138,"column":10},"end":{"line":138,"column":17}},"50":{"start":{"line":143,"column":2},"end":{"line":240,"column":5}},"51":{"start":{"line":144,"column":4},"end":{"line":159,"column":7}},"52":{"start":{"line":145,"column":17},"end":{"line":149,"column":7}},"53":{"start":{"line":150,"column":6},"end":{"line":158,"column":11}},"54":{"start":{"line":156,"column":10},"end":{"line":156,"column":53}},"55":{"start":{"line":157,"column":10},"end":{"line":157,"column":17}},"56":{"start":{"line":161,"column":4},"end":{"line":222,"column":7}},"57":{"start":{"line":162,"column":17},"end":{"line":166,"column":7}},"58":{"start":{"line":167,"column":6},"end":{"line":221,"column":11}},"59":{"start":{"line":173,"column":10},"end":{"line":220,"column":15}},"60":{"start":{"line":185,"column":14},"end":{"line":219,"column":19}},"61":{"start":{"line":197,"column":18},"end":{"line":218,"column":23}},"62":{"start":{"line":209,"column":22},"end":{"line":217,"column":27}},"63":{"start":{"line":215,"column":26},"end":{"line":215,"column":58}},"64":{"start":{"line":216,"column":26},"end":{"line":216,"column":33}},"65":{"start":{"line":223,"column":4},"end":{"line":239,"column":7}},"66":{"start":{"line":224,"column":17},"end":{"line":228,"column":7}},"67":{"start":{"line":230,"column":6},"end":{"line":238,"column":11}},"68":{"start":{"line":236,"column":10},"end":{"line":236,"column":42}},"69":{"start":{"line":237,"column":10},"end":{"line":237,"column":17}}},"fnMap":{"0":{"name":"(anonymous_0)","decl":{"start":{"line":12,"column":43},"end":{"line":12,"column":44}},"loc":{"start":{"line":12,"column":49},"end":{"line":241,"column":1}},"line":12},"1":{"name":"(anonymous_1)","decl":{"start":{"line":13,"column":44},"end":{"line":13,"column":45}},"loc":{"start":{"line":13,"column":50},"end":{"line":74,"column":3}},"line":13},"2":{"name":"(anonymous_2)","decl":{"start":{"line":20,"column":41},"end":{"line":20,"column":42}},"loc":{"start":{"line":20,"column":49},"end":{"line":30,"column":5}},"line":20},"3":{"name":"(anonymous_3)","decl":{"start":{"line":26,"column":13},"end":{"line":26,"column":14}},"loc":{"start":{"line":26,"column":27},"end":{"line":29,"column":9}},"line":26},"4":{"name":"(anonymous_4)","decl":{"start":{"line":31,"column":36},"end":{"line":31,"column":37}},"loc":{"start":{"line":31,"column":44},"end":{"line":41,"column":5}},"line":31},"5":{"name":"(anonymous_5)","decl":{"start":{"line":37,"column":13},"end":{"line":37,"column":14}},"loc":{"start":{"line":37,"column":27},"end":{"line":40,"column":9}},"line":37},"6":{"name":"(anonymous_6)","decl":{"start":{"line":42,"column":38},"end":{"line":42,"column":39}},"loc":{"start":{"line":42,"column":46},"end":{"line":52,"column":5}},"line":42},"7":{"name":"(anonymous_7)","decl":{"start":{"line":48,"column":13},"end":{"line":48,"column":14}},"loc":{"start":{"line":48,"column":27},"end":{"line":51,"column":9}},"line":48},"8":{"name":"(anonymous_8)","decl":{"start":{"line":53,"column":39},"end":{"line":53,"column":40}},"loc":{"start":{"line":53,"column":47},"end":{"line":63,"column":5}},"line":53},"9":{"name":"(anonymous_9)","decl":{"start":{"line":59,"column":13},"end":{"line":59,"column":14}},"loc":{"start":{"line":59,"column":27},"end":{"line":62,"column":9}},"line":59},"10":{"name":"(anonymous_10)","decl":{"start":{"line":64,"column":36},"end":{"line":64,"column":37}},"loc":{"start":{"line":64,"column":44},"end":{"line":73,"column":5}},"line":64},"11":{"name":"(anonymous_11)","decl":{"start":{"line":69,"column":13},"end":{"line":69,"column":14}},"loc":{"start":{"line":69,"column":27},"end":{"line":72,"column":9}},"line":69},"12":{"name":"(anonymous_12)","decl":{"start":{"line":76,"column":46},"end":{"line":76,"column":47}},"loc":{"start":{"line":76,"column":52},"end":{"line":141,"column":3}},"line":76},"13":{"name":"(anonymous_13)","decl":{"start":{"line":77,"column":47},"end":{"line":77,"column":48}},"loc":{"start":{"line":77,"column":55},"end":{"line":92,"column":5}},"line":77},"14":{"name":"(anonymous_14)","decl":{"start":{"line":88,"column":13},"end":{"line":88,"column":14}},"loc":{"start":{"line":88,"column":27},"end":{"line":91,"column":9}},"line":88},"15":{"name":"(anonymous_15)","decl":{"start":{"line":93,"column":47},"end":{"line":93,"column":48}},"loc":{"start":{"line":93,"column":55},"end":{"line":108,"column":5}},"line":93},"16":{"name":"(anonymous_16)","decl":{"start":{"line":104,"column":13},"end":{"line":104,"column":14}},"loc":{"start":{"line":104,"column":27},"end":{"line":107,"column":9}},"line":104},"17":{"name":"(anonymous_17)","decl":{"start":{"line":109,"column":54},"end":{"line":109,"column":55}},"loc":{"start":{"line":109,"column":62},"end":{"line":124,"column":5}},"line":109},"18":{"name":"(anonymous_18)","decl":{"start":{"line":120,"column":13},"end":{"line":120,"column":14}},"loc":{"start":{"line":120,"column":27},"end":{"line":123,"column":9}},"line":120},"19":{"name":"(anonymous_19)","decl":{"start":{"line":125,"column":45},"end":{"line":125,"column":46}},"loc":{"start":{"line":125,"column":53},"end":{"line":140,"column":5}},"line":125},"20":{"name":"(anonymous_20)","decl":{"start":{"line":136,"column":13},"end":{"line":136,"column":14}},"loc":{"start":{"line":136,"column":27},"end":{"line":139,"column":9}},"line":136},"21":{"name":"(anonymous_21)","decl":{"start":{"line":143,"column":38},"end":{"line":143,"column":39}},"loc":{"start":{"line":143,"column":44},"end":{"line":240,"column":3}},"line":143},"22":{"name":"(anonymous_22)","decl":{"start":{"line":144,"column":46},"end":{"line":144,"column":47}},"loc":{"start":{"line":144,"column":54},"end":{"line":159,"column":5}},"line":144},"23":{"name":"(anonymous_23)","decl":{"start":{"line":155,"column":13},"end":{"line":155,"column":14}},"loc":{"start":{"line":155,"column":27},"end":{"line":158,"column":9}},"line":155},"24":{"name":"(anonymous_24)","decl":{"start":{"line":161,"column":67},"end":{"line":161,"column":68}},"loc":{"start":{"line":161,"column":75},"end":{"line":222,"column":5}},"line":161},"25":{"name":"(anonymous_25)","decl":{"start":{"line":172,"column":14},"end":{"line":172,"column":15}},"loc":{"start":{"line":172,"column":21},"end":{"line":221,"column":9}},"line":172},"26":{"name":"(anonymous_26)","decl":{"start":{"line":184,"column":18},"end":{"line":184,"column":19}},"loc":{"start":{"line":184,"column":24},"end":{"line":220,"column":13}},"line":184},"27":{"name":"(anonymous_27)","decl":{"start":{"line":196,"column":22},"end":{"line":196,"column":23}},"loc":{"start":{"line":196,"column":28},"end":{"line":219,"column":17}},"line":196},"28":{"name":"(anonymous_28)","decl":{"start":{"line":208,"column":26},"end":{"line":208,"column":27}},"loc":{"start":{"line":208,"column":32},"end":{"line":218,"column":21}},"line":208},"29":{"name":"(anonymous_29)","decl":{"start":{"line":214,"column":30},"end":{"line":214,"column":31}},"loc":{"start":{"line":214,"column":37},"end":{"line":217,"column":25}},"line":214},"30":{"name":"(anonymous_30)","decl":{"start":{"line":223,"column":64},"end":{"line":223,"column":65}},"loc":{"start":{"line":223,"column":72},"end":{"line":239,"column":5}},"line":223},"31":{"name":"(anonymous_31)","decl":{"start":{"line":235,"column":13},"end":{"line":235,"column":14}},"loc":{"start":{"line":235,"column":27},"end":{"line":238,"column":9}},"line":235}},"branchMap":{},"s":{"0":1,"1":1,"2":1,"3":1,"4":1,"5":1,"6":1,"7":1,"8":1,"9":1,"10":1,"11":1,"12":1,"13":1,"14":1,"15":1,"16":1,"17":1,"18":1,"19":1,"20":1,"21":1,"22":1,"23":1,"24":1,"25":1,"26":1,"27":1,"28":1,"29":1,"30":1,"31":1,"32":1,"33":1,"34":1,"35":1,"36":1,"37":1,"38":1,"39":1,"40":1,"41":1,"42":1,"43":1,"44":1,"45":1,"46":1,"47":1,"48":1,"49":1,"50":1,"51":1,"52":1,"53":1,"54":1,"55":1,"56":1,"57":0,"58":0,"59":0,"60":0,"61":0,"62":0,"63":0,"64":0,"65":1,"66":1,"67":1,"68":1,"69":1},"f":{"0":1,"1":1,"2":1,"3":1,"4":1,"5":1,"6":1,"7":1,"8":1,"9":1,"10":1,"11":1,"12":1,"13":1,"14":1,"15":1,"16":1,"17":1,"18":1,"19":1,"20":1,"21":1,"22":1,"23":1,"24":0,"25":0,"26":0,"27":0,"28":0,"29":0,"30":1,"31":1},"b":{},"_coverageSchema":"43e27e138ebf9cfc5966b082cf9a028302ed4184","hash":"f36ef8ec8a163a687eb490a158a675df30ee325c","contentHash":"b5bf3ba635fbf4c9f604b30d2cfaedae827a67866430f3a2e76ac77cbf5b05af"},"/usr/src/app/app.js":{"path":"/usr/src/app/app.js","statementMap":{"0":{"start":{"line":1,"column":16},"end":{"line":1,"column":34}},"1":{"start":{"line":2,"column":15},"end":{"line":2,"column":47}},"2":{"start":{"line":6,"column":4},"end":{"line":6,"column":35}},"3":{"start":{"line":7,"column":12},"end":{"line":7,"column":21}},"4":{"start":{"line":11,"column":0},"end":{"line":11,"column":24}},"5":{"start":{"line":12,"column":0},"end":{"line":12,"column":48}},"6":{"start":{"line":14,"column":0},"end":{"line":14,"column":32}},"7":{"start":{"line":15,"column":0},"end":{"line":17,"column":3}},"8":{"start":{"line":16,"column":2},"end":{"line":16,"column":51}},"9":{"start":{"line":19,"column":0},"end":{"line":19,"column":21}}},"fnMap":{"0":{"name":"(anonymous_0)","decl":{"start":{"line":15,"column":23},"end":{"line":15,"column":24}},"loc":{"start":{"line":15,"column":29},"end":{"line":17,"column":1}},"line":15}},"branchMap":{},"s":{"0":1,"1":1,"2":1,"3":1,"4":1,"5":1,"6":1,"7":1,"8":1,"9":1},"f":{"0":1},"b":{},"_coverageSchema":"43e27e138ebf9cfc5966b082cf9a028302ed4184","hash":"c860f19e9d3ba52c0be08a5586712d68b33e61ff","contentHash":"0808f6769d86b3b7a1a9c593e3c0785d2b04d6e608fb498b18226c073a4852dc"},"/usr/src/app/routes/index.router.js":{"path":"/usr/src/app/routes/index.router.js","statementMap":{"0":{"start":{"line":1,"column":16},"end":{"line":1,"column":34}},"1":{"start":{"line":7,"column":4},"end":{"line":7,"column":31}},"2":{"start":{"line":8,"column":13},"end":{"line":8,"column":29}},"3":{"start":{"line":9,"column":31},"end":{"line":9,"column":81}},"4":{"start":{"line":10,"column":31},"end":{"line":10,"column":81}},"5":{"start":{"line":11,"column":29},"end":{"line":11,"column":77}},"6":{"start":{"line":12,"column":29},"end":{"line":12,"column":77}},"7":{"start":{"line":13,"column":29},"end":{"line":13,"column":77}},"8":{"start":{"line":14,"column":28},"end":{"line":14,"column":85}},"9":{"start":{"line":15,"column":30},"end":{"line":15,"column":89}},"10":{"start":{"line":17,"column":0},"end":{"line":17,"column":54}},"11":{"start":{"line":18,"column":0},"end":{"line":18,"column":54}},"12":{"start":{"line":19,"column":0},"end":{"line":19,"column":50}},"13":{"start":{"line":20,"column":0},"end":{"line":20,"column":50}},"14":{"start":{"line":21,"column":0},"end":{"line":21,"column":50}},"15":{"start":{"line":23,"column":0},"end":{"line":26,"column":2}},"16":{"start":{"line":27,"column":0},"end":{"line":27,"column":77}},"17":{"start":{"line":29,"column":0},"end":{"line":29,"column":24}}},"fnMap":{},"branchMap":{},"s":{"0":1,"1":1,"2":1,"3":1,"4":1,"5":1,"6":1,"7":1,"8":1,"9":1,"10":1,"11":1,"12":1,"13":1,"14":1,"15":1,"16":1,"17":1},"f":{},"b":{},"_coverageSchema":"43e27e138ebf9cfc5966b082cf9a028302ed4184","hash":"e871b152a4a9ac318b985b0d9d884b29c5a85b98","contentHash":"2d8d2211b8978fcb6a68cc73b475fd1837c8123d298f779b3fdf4299cf24aaa4"},"/usr/src/app/config/models.js":{"path":"/usr/src/app/config/models.js","statementMap":{"0":{"start":{"line":1,"column":18},"end":{"line":1,"column":43}},"1":{"start":{"line":2,"column":43},"end":{"line":2,"column":63}},"2":{"start":{"line":4,"column":27},"end":{"line":25,"column":1}},"3":{"start":{"line":27,"column":22},"end":{"line":54,"column":1}},"4":{"start":{"line":56,"column":21},"end":{"line":83,"column":1}},"5":{"start":{"line":85,"column":24},"end":{"line":99,"column":1}},"6":{"start":{"line":101,"column":0},"end":{"line":101,"column":90}}},"fnMap":{},"branchMap":{},"s":{"0":1,"1":1,"2":1,"3":1,"4":1,"5":1,"6":1},"f":{},"b":{},"_coverageSchema":"43e27e138ebf9cfc5966b082cf9a028302ed4184","hash":"3f68bff5337b4f4b66372ae6d726115cd5fc76d3","contentHash":"5273a786455ae35e9874b373924fbdb011d5e568acaa8156d9dd793f25645ded"},"/usr/src/app/config/orm.database.js":{"path":"/usr/src/app/config/orm.database.js","statementMap":{"0":{"start":{"line":1,"column":18},"end":{"line":1,"column":38}},"1":{"start":{"line":2,"column":0},"end":{"line":2,"column":27}},"2":{"start":{"line":3,"column":12},"end":{"line":3,"column":23}},"3":{"start":{"line":5,"column":18},"end":{"line":21,"column":1}},"4":{"start":{"line":22,"column":0},"end":{"line":29,"column":5}},"5":{"start":{"line":25,"column":4},"end":{"line":25,"column":74}},"6":{"start":{"line":28,"column":4},"end":{"line":28,"column":21}},"7":{"start":{"line":31,"column":0},"end":{"line":31,"column":27}}},"fnMap":{"0":{"name":"(anonymous_0)","decl":{"start":{"line":24,"column":8},"end":{"line":24,"column":9}},"loc":{"start":{"line":24,"column":14},"end":{"line":26,"column":3}},"line":24},"1":{"name":"(anonymous_1)","decl":{"start":{"line":27,"column":9},"end":{"line":27,"column":10}},"loc":{"start":{"line":27,"column":16},"end":{"line":29,"column":3}},"line":27}},"branchMap":{},"s":{"0":1,"1":1,"2":1,"3":1,"4":1,"5":1,"6":0,"7":1},"f":{"0":1,"1":0},"b":{},"_coverageSchema":"43e27e138ebf9cfc5966b082cf9a028302ed4184","hash":"6ae3b86d0486e11f78228b36c2720107204a9add","contentHash":"2491107fb87b3c77031d7c7dff40aaf1cb5c0905a63b1123462579bcf3e89759"},"/usr/src/app/controllers/generate-hotp.controller.js":{"path":"/usr/src/app/controllers/generate-hotp.controller.js","statementMap":{"0":{"start":{"line":1,"column":17},"end":{"line":1,"column":47}},"1":{"start":{"line":2,"column":0},"end":{"line":16,"column":1}},"2":{"start":{"line":3,"column":18},"end":{"line":3,"column":70}},"3":{"start":{"line":4,"column":4},"end":{"line":15,"column":6}},"4":{"start":{"line":5,"column":8},"end":{"line":14,"column":9}},"5":{"start":{"line":6,"column":12},"end":{"line":7,"column":39}},"6":{"start":{"line":10,"column":12},"end":{"line":12,"column":15}},"7":{"start":{"line":13,"column":12},"end":{"line":13,"column":33}}},"fnMap":{"0":{"name":"(anonymous_0)","decl":{"start":{"line":2,"column":17},"end":{"line":2,"column":18}},"loc":{"start":{"line":2,"column":37},"end":{"line":16,"column":1}},"line":2},"1":{"name":"(anonymous_1)","decl":{"start":{"line":4,"column":35},"end":{"line":4,"column":36}},"loc":{"start":{"line":4,"column":52},"end":{"line":15,"column":5}},"line":4}},"branchMap":{"0":{"loc":{"start":{"line":3,"column":18},"end":{"line":3,"column":70}},"type":"cond-expr","locations":[{"start":{"line":3,"column":37},"end":{"line":3,"column":53}},{"start":{"line":3,"column":56},"end":{"line":3,"column":70}}],"line":3},"1":{"loc":{"start":{"line":5,"column":8},"end":{"line":14,"column":9}},"type":"if","locations":[{"start":{"line":5,"column":8},"end":{"line":14,"column":9}},{"start":{"line":5,"column":8},"end":{"line":14,"column":9}}],"line":5}},"s":{"0":1,"1":1,"2":0,"3":0,"4":0,"5":0,"6":0,"7":0},"f":{"0":0,"1":0},"b":{"0":[0,0],"1":[0,0]},"_coverageSchema":"43e27e138ebf9cfc5966b082cf9a028302ed4184","hash":"1a15278d4d2589cbcb3b75c0d216f29a1288bccd","contentHash":"18ca122dd1b1a39ebf250edd9ba0e9405193511774532ca2361842508f7f7b53"},"/usr/src/app/models/otp.model.js":{"path":"/usr/src/app/models/otp.model.js","statementMap":{"0":{"start":{"line":12,"column":4},"end":{"line":12,"column":31}},"1":{"start":{"line":13,"column":21},"end":{"line":13,"column":61}},"2":{"start":{"line":14,"column":30},"end":{"line":14,"column":60}},"3":{"start":{"line":20,"column":4},"end":{"line":20,"column":29}},"4":{"start":{"line":21,"column":23},"end":{"line":21,"column":46}},"5":{"start":{"line":22,"column":22},"end":{"line":22,"column":64}},"6":{"start":{"line":29,"column":25},"end":{"line":29,"column":27}},"7":{"start":{"line":31,"column":24},"end":{"line":31,"column":25}},"8":{"start":{"line":32,"column":8},"end":{"line":32,"column":9}},"9":{"start":{"line":42,"column":2},"end":{"line":42,"column":33}},"10":{"start":{"line":44,"column":2},"end":{"line":44,"column":17}},"11":{"start":{"line":46,"column":2},"end":{"line":64,"column":3}},"12":{"start":{"line":47,"column":4},"end":{"line":60,"column":7}},"13":{"start":{"line":48,"column":6},"end":{"line":59,"column":7}},"14":{"start":{"line":49,"column":8},"end":{"line":55,"column":10}},"15":{"start":{"line":58,"column":8},"end":{"line":58,"column":57}},"16":{"start":{"line":63,"column":4},"end":{"line":63,"column":53}},"17":{"start":{"line":76,"column":2},"end":{"line":173,"column":5}},"18":{"start":{"line":77,"column":4},"end":{"line":172,"column":5}},"19":{"start":{"line":79,"column":17},"end":{"line":79,"column":39}},"20":{"start":{"line":82,"column":6},"end":{"line":162,"column":9}},"21":{"start":{"line":84,"column":8},"end":{"line":84,"column":52}},"22":{"start":{"line":85,"column":8},"end":{"line":161,"column":9}},"23":{"start":{"line":86,"column":10},"end":{"line":92,"column":12}},"24":{"start":{"line":93,"column":15},"end":{"line":161,"column":9}},"25":{"start":{"line":96,"column":10},"end":{"line":152,"column":15}},"26":{"start":{"line":102,"column":14},"end":{"line":142,"column":15}},"27":{"start":{"line":104,"column":29},"end":{"line":104,"column":44}},"28":{"start":{"line":106,"column":16},"end":{"line":135,"column":20}},"29":{"start":{"line":117,"column":22},"end":{"line":124,"column":24}},"30":{"start":{"line":128,"column":20},"end":{"line":134,"column":21}},"31":{"start":{"line":139,"column":16},"end":{"line":141,"column":19}},"32":{"start":{"line":140,"column":18},"end":{"line":140,"column":52}},"33":{"start":{"line":145,"column":14},"end":{"line":151,"column":16}},"34":{"start":{"line":154,"column":10},"end":{"line":160,"column":12}},"35":{"start":{"line":168,"column":6},"end":{"line":170,"column":9}},"36":{"start":{"line":169,"column":8},"end":{"line":169,"column":42}},"37":{"start":{"line":184,"column":2},"end":{"line":184,"column":35}},"38":{"start":{"line":185,"column":2},"end":{"line":245,"column":7}},"39":{"start":{"line":190,"column":6},"end":{"line":190,"column":59}},"40":{"start":{"line":191,"column":6},"end":{"line":191,"column":61}},"41":{"start":{"line":192,"column":6},"end":{"line":241,"column":7}},"42":{"start":{"line":195,"column":8},"end":{"line":195,"column":74}},"43":{"start":{"line":197,"column":8},"end":{"line":237,"column":9}},"44":{"start":{"line":199,"column":27},"end":{"line":202,"column":11}},"45":{"start":{"line":204,"column":10},"end":{"line":204,"column":56}},"46":{"start":{"line":205,"column":10},"end":{"line":208,"column":12}},"47":{"start":{"line":210,"column":10},"end":{"line":236,"column":11}},"48":{"start":{"line":211,"column":12},"end":{"line":211,"column":53}},"49":{"start":{"line":214,"column":12},"end":{"line":232,"column":42}},"50":{"start":{"line":223,"column":18},"end":{"line":223,"column":63}},"51":{"start":{"line":224,"column":18},"end":{"line":224,"column":77}},"52":{"start":{"line":225,"column":18},"end":{"line":229,"column":48}},"53":{"start":{"line":228,"column":32},"end":{"line":228,"column":47}},"54":{"start":{"line":229,"column":32},"end":{"line":229,"column":46}},"55":{"start":{"line":232,"column":26},"end":{"line":232,"column":40}},"56":{"start":{"line":235,"column":12},"end":{"line":235,"column":34}},"57":{"start":{"line":238,"column":8},"end":{"line":238,"column":31}},"58":{"start":{"line":240,"column":8},"end":{"line":240,"column":31}},"59":{"start":{"line":244,"column":6},"end":{"line":244,"column":28}},"60":{"start":{"line":254,"column":2},"end":{"line":254,"column":61}},"61":{"start":{"line":268,"column":13},"end":{"line":268,"column":33}},"62":{"start":{"line":270,"column":12},"end":{"line":270,"column":27}},"63":{"start":{"line":272,"column":20},"end":{"line":272,"column":30}},"64":{"start":{"line":275,"column":2},"end":{"line":305,"column":5}},"65":{"start":{"line":279,"column":4},"end":{"line":304,"column":8}},"66":{"start":{"line":287,"column":8},"end":{"line":294,"column":10}},"67":{"start":{"line":297,"column":8},"end":{"line":303,"column":9}},"68":{"start":{"line":317,"column":2},"end":{"line":473,"column":5}},"69":{"start":{"line":318,"column":4},"end":{"line":472,"column":5}},"70":{"start":{"line":319,"column":6},"end":{"line":319,"column":47}},"71":{"start":{"line":320,"column":6},"end":{"line":326,"column":8}},"72":{"start":{"line":327,"column":11},"end":{"line":472,"column":5}},"73":{"start":{"line":329,"column":6},"end":{"line":463,"column":10}},"74":{"start":{"line":349,"column":10},"end":{"line":453,"column":11}},"75":{"start":{"line":350,"column":12},"end":{"line":389,"column":13}},"76":{"start":{"line":354,"column":14},"end":{"line":379,"column":18}},"77":{"start":{"line":358,"column":18},"end":{"line":369,"column":21}},"78":{"start":{"line":359,"column":20},"end":{"line":368,"column":22}},"79":{"start":{"line":366,"column":24},"end":{"line":366,"column":72}},"80":{"start":{"line":372,"column":18},"end":{"line":378,"column":19}},"81":{"start":{"line":381,"column":14},"end":{"line":381,"column":51}},"82":{"start":{"line":382,"column":14},"end":{"line":388,"column":16}},"83":{"start":{"line":393,"column":12},"end":{"line":393,"column":80}},"84":{"start":{"line":394,"column":12},"end":{"line":452,"column":16}},"85":{"start":{"line":402,"column":16},"end":{"line":402,"column":44}},"86":{"start":{"line":403,"column":16},"end":{"line":442,"column":17}},"87":{"start":{"line":407,"column":18},"end":{"line":432,"column":22}},"88":{"start":{"line":412,"column":22},"end":{"line":422,"column":25}},"89":{"start":{"line":413,"column":24},"end":{"line":413,"column":65}},"90":{"start":{"line":414,"column":24},"end":{"line":421,"column":26}},"91":{"start":{"line":425,"column":22},"end":{"line":431,"column":23}},"92":{"start":{"line":434,"column":18},"end":{"line":434,"column":55}},"93":{"start":{"line":435,"column":18},"end":{"line":441,"column":20}},"94":{"start":{"line":445,"column":16},"end":{"line":451,"column":17}},"95":{"start":{"line":456,"column":10},"end":{"line":462,"column":11}},"96":{"start":{"line":465,"column":6},"end":{"line":471,"column":8}},"97":{"start":{"line":484,"column":2},"end":{"line":505,"column":6}},"98":{"start":{"line":495,"column":6},"end":{"line":495,"column":28}},"99":{"start":{"line":498,"column":6},"end":{"line":504,"column":7}},"100":{"start":{"line":508,"column":0},"end":{"line":508,"column":46}}},"fnMap":{"0":{"name":"generateTOtp","decl":{"start":{"line":41,"column":9},"end":{"line":41,"column":21}},"loc":{"start":{"line":41,"column":59},"end":{"line":66,"column":1}},"line":41},"1":{"name":"(anonymous_1)","decl":{"start":{"line":47,"column":38},"end":{"line":47,"column":39}},"loc":{"start":{"line":47,"column":55},"end":{"line":60,"column":5}},"line":47},"2":{"name":"alwaysCreateOTP","decl":{"start":{"line":75,"column":9},"end":{"line":75,"column":24}},"loc":{"start":{"line":75,"column":51},"end":{"line":174,"column":1}},"line":75},"3":{"name":"(anonymous_3)","decl":{"start":{"line":76,"column":34},"end":{"line":76,"column":35}},"loc":{"start":{"line":76,"column":46},"end":{"line":173,"column":3}},"line":76},"4":{"name":"(anonymous_4)","decl":{"start":{"line":82,"column":39},"end":{"line":82,"column":40}},"loc":{"start":{"line":82,"column":52},"end":{"line":162,"column":7}},"line":82},"5":{"name":"(anonymous_5)","decl":{"start":{"line":101,"column":18},"end":{"line":101,"column":19}},"loc":{"start":{"line":101,"column":28},"end":{"line":143,"column":13}},"line":101},"6":{"name":"(anonymous_6)","decl":{"start":{"line":114,"column":24},"end":{"line":114,"column":25}},"loc":{"start":{"line":116,"column":20},"end":{"line":125,"column":21}},"line":116},"7":{"name":"(anonymous_7)","decl":{"start":{"line":127,"column":25},"end":{"line":127,"column":26}},"loc":{"start":{"line":128,"column":20},"end":{"line":134,"column":21}},"line":128},"8":{"name":"(anonymous_8)","decl":{"start":{"line":139,"column":55},"end":{"line":139,"column":56}},"loc":{"start":{"line":139,"column":77},"end":{"line":141,"column":17}},"line":139},"9":{"name":"(anonymous_9)","decl":{"start":{"line":144,"column":19},"end":{"line":144,"column":20}},"loc":{"start":{"line":144,"column":28},"end":{"line":152,"column":13}},"line":144},"10":{"name":"(anonymous_10)","decl":{"start":{"line":168,"column":45},"end":{"line":168,"column":46}},"loc":{"start":{"line":168,"column":67},"end":{"line":170,"column":7}},"line":168},"11":{"name":"processFloodControl","decl":{"start":{"line":182,"column":9},"end":{"line":182,"column":28}},"loc":{"start":{"line":182,"column":45},"end":{"line":246,"column":1}},"line":182},"12":{"name":"(anonymous_12)","decl":{"start":{"line":189,"column":12},"end":{"line":189,"column":13}},"loc":{"start":{"line":189,"column":39},"end":{"line":242,"column":5}},"line":189},"13":{"name":"(anonymous_13)","decl":{"start":{"line":219,"column":20},"end":{"line":219,"column":21}},"loc":{"start":{"line":222,"column":16},"end":{"line":230,"column":17}},"line":222},"14":{"name":"(anonymous_14)","decl":{"start":{"line":228,"column":26},"end":{"line":228,"column":27}},"loc":{"start":{"line":228,"column":32},"end":{"line":228,"column":47}},"line":228},"15":{"name":"(anonymous_15)","decl":{"start":{"line":229,"column":27},"end":{"line":229,"column":28}},"loc":{"start":{"line":229,"column":32},"end":{"line":229,"column":46}},"line":229},"16":{"name":"(anonymous_16)","decl":{"start":{"line":232,"column":21},"end":{"line":232,"column":22}},"loc":{"start":{"line":232,"column":26},"end":{"line":232,"column":40}},"line":232},"17":{"name":"(anonymous_17)","decl":{"start":{"line":243,"column":11},"end":{"line":243,"column":12}},"loc":{"start":{"line":243,"column":18},"end":{"line":245,"column":5}},"line":243},"18":{"name":"floodControlTimeValidity","decl":{"start":{"line":253,"column":9},"end":{"line":253,"column":33}},"loc":{"start":{"line":253,"column":60},"end":{"line":255,"column":1}},"line":253},"19":{"name":"insertOtpRecord","decl":{"start":{"line":264,"column":9},"end":{"line":264,"column":24}},"loc":{"start":{"line":264,"column":51},"end":{"line":306,"column":1}},"line":264},"20":{"name":"(anonymous_20)","decl":{"start":{"line":278,"column":12},"end":{"line":278,"column":13}},"loc":{"start":{"line":278,"column":31},"end":{"line":305,"column":3}},"line":278},"21":{"name":"(anonymous_21)","decl":{"start":{"line":286,"column":12},"end":{"line":286,"column":13}},"loc":{"start":{"line":286,"column":25},"end":{"line":295,"column":7}},"line":286},"22":{"name":"(anonymous_22)","decl":{"start":{"line":296,"column":13},"end":{"line":296,"column":14}},"loc":{"start":{"line":297,"column":8},"end":{"line":303,"column":9}},"line":297},"23":{"name":"verifyTOtp","decl":{"start":{"line":316,"column":9},"end":{"line":316,"column":19}},"loc":{"start":{"line":316,"column":58},"end":{"line":474,"column":1}},"line":316},"24":{"name":"(anonymous_24)","decl":{"start":{"line":317,"column":37},"end":{"line":317,"column":38}},"loc":{"start":{"line":317,"column":50},"end":{"line":473,"column":3}},"line":317},"25":{"name":"(anonymous_25)","decl":{"start":{"line":348,"column":14},"end":{"line":348,"column":15}},"loc":{"start":{"line":348,"column":24},"end":{"line":454,"column":9}},"line":348},"26":{"name":"(anonymous_26)","decl":{"start":{"line":357,"column":22},"end":{"line":357,"column":23}},"loc":{"start":{"line":357,"column":28},"end":{"line":370,"column":17}},"line":357},"27":{"name":"(anonymous_27)","decl":{"start":{"line":358,"column":62},"end":{"line":358,"column":63}},"loc":{"start":{"line":358,"column":68},"end":{"line":369,"column":19}},"line":358},"28":{"name":"(anonymous_28)","decl":{"start":{"line":365,"column":22},"end":{"line":365,"column":23}},"loc":{"start":{"line":365,"column":31},"end":{"line":367,"column":23}},"line":365},"29":{"name":"(anonymous_29)","decl":{"start":{"line":371,"column":23},"end":{"line":371,"column":24}},"loc":{"start":{"line":372,"column":18},"end":{"line":378,"column":19}},"line":372},"30":{"name":"(anonymous_30)","decl":{"start":{"line":401,"column":20},"end":{"line":401,"column":21}},"loc":{"start":{"line":401,"column":36},"end":{"line":443,"column":15}},"line":401},"31":{"name":"(anonymous_31)","decl":{"start":{"line":411,"column":26},"end":{"line":411,"column":27}},"loc":{"start":{"line":411,"column":32},"end":{"line":423,"column":21}},"line":411},"32":{"name":"(anonymous_32)","decl":{"start":{"line":412,"column":66},"end":{"line":412,"column":67}},"loc":{"start":{"line":412,"column":72},"end":{"line":422,"column":23}},"line":412},"33":{"name":"(anonymous_33)","decl":{"start":{"line":424,"column":27},"end":{"line":424,"column":28}},"loc":{"start":{"line":425,"column":22},"end":{"line":431,"column":23}},"line":425},"34":{"name":"(anonymous_34)","decl":{"start":{"line":444,"column":21},"end":{"line":444,"column":22}},"loc":{"start":{"line":445,"column":16},"end":{"line":451,"column":17}},"line":445},"35":{"name":"(anonymous_35)","decl":{"start":{"line":455,"column":15},"end":{"line":455,"column":16}},"loc":{"start":{"line":456,"column":10},"end":{"line":462,"column":11}},"line":456},"36":{"name":"invalidateOTP","decl":{"start":{"line":483,"column":9},"end":{"line":483,"column":22}},"loc":{"start":{"line":483,"column":56},"end":{"line":506,"column":1}},"line":483},"37":{"name":"(anonymous_37)","decl":{"start":{"line":494,"column":10},"end":{"line":494,"column":11}},"loc":{"start":{"line":494,"column":16},"end":{"line":496,"column":5}},"line":494},"38":{"name":"(anonymous_38)","decl":{"start":{"line":497,"column":11},"end":{"line":497,"column":12}},"loc":{"start":{"line":498,"column":6},"end":{"line":504,"column":7}},"line":498}},"branchMap":{"0":{"loc":{"start":{"line":46,"column":2},"end":{"line":64,"column":3}},"type":"if","locations":[{"start":{"line":46,"column":2},"end":{"line":64,"column":3}},{"start":{"line":46,"column":2},"end":{"line":64,"column":3}}],"line":46},"1":{"loc":{"start":{"line":48,"column":6},"end":{"line":59,"column":7}},"type":"if","locations":[{"start":{"line":48,"column":6},"end":{"line":59,"column":7}},{"start":{"line":48,"column":6},"end":{"line":59,"column":7}}],"line":48},"2":{"loc":{"start":{"line":77,"column":4},"end":{"line":172,"column":5}},"type":"if","locations":[{"start":{"line":77,"column":4},"end":{"line":172,"column":5}},{"start":{"line":77,"column":4},"end":{"line":172,"column":5}}],"line":77},"3":{"loc":{"start":{"line":77,"column":8},"end":{"line":77,"column":42}},"type":"binary-expr","locations":[{"start":{"line":77,"column":8},"end":{"line":77,"column":16}},{"start":{"line":77,"column":20},"end":{"line":77,"column":42}}],"line":77},"4":{"loc":{"start":{"line":85,"column":8},"end":{"line":161,"column":9}},"type":"if","locations":[{"start":{"line":85,"column":8},"end":{"line":161,"column":9}},{"start":{"line":85,"column":8},"end":{"line":161,"column":9}}],"line":85},"5":{"loc":{"start":{"line":85,"column":12},"end":{"line":85,"column":54}},"type":"binary-expr","locations":[{"start":{"line":85,"column":12},"end":{"line":85,"column":21}},{"start":{"line":85,"column":25},"end":{"line":85,"column":54}}],"line":85},"6":{"loc":{"start":{"line":93,"column":15},"end":{"line":161,"column":9}},"type":"if","locations":[{"start":{"line":93,"column":15},"end":{"line":161,"column":9}},{"start":{"line":93,"column":15},"end":{"line":161,"column":9}}],"line":93},"7":{"loc":{"start":{"line":93,"column":19},"end":{"line":93,"column":62}},"type":"binary-expr","locations":[{"start":{"line":93,"column":19},"end":{"line":93,"column":29}},{"start":{"line":93,"column":33},"end":{"line":93,"column":62}}],"line":93},"8":{"loc":{"start":{"line":102,"column":14},"end":{"line":142,"column":15}},"type":"if","locations":[{"start":{"line":102,"column":14},"end":{"line":142,"column":15}},{"start":{"line":102,"column":14},"end":{"line":142,"column":15}}],"line":102},"9":{"loc":{"start":{"line":102,"column":18},"end":{"line":102,"column":38}},"type":"binary-expr","locations":[{"start":{"line":102,"column":18},"end":{"line":102,"column":24}},{"start":{"line":102,"column":28},"end":{"line":102,"column":38}}],"line":102},"10":{"loc":{"start":{"line":192,"column":6},"end":{"line":241,"column":7}},"type":"if","locations":[{"start":{"line":192,"column":6},"end":{"line":241,"column":7}},{"start":{"line":192,"column":6},"end":{"line":241,"column":7}}],"line":192},"11":{"loc":{"start":{"line":197,"column":8},"end":{"line":237,"column":9}},"type":"if","locations":[{"start":{"line":197,"column":8},"end":{"line":237,"column":9}},{"start":{"line":197,"column":8},"end":{"line":237,"column":9}}],"line":197},"12":{"loc":{"start":{"line":210,"column":10},"end":{"line":236,"column":11}},"type":"if","locations":[{"start":{"line":210,"column":10},"end":{"line":236,"column":11}},{"start":{"line":210,"column":10},"end":{"line":236,"column":11}}],"line":210},"13":{"loc":{"start":{"line":318,"column":4},"end":{"line":472,"column":5}},"type":"if","locations":[{"start":{"line":318,"column":4},"end":{"line":472,"column":5}},{"start":{"line":318,"column":4},"end":{"line":472,"column":5}}],"line":318},"14":{"loc":{"start":{"line":318,"column":8},"end":{"line":318,"column":50}},"type":"binary-expr","locations":[{"start":{"line":318,"column":8},"end":{"line":318,"column":17}},{"start":{"line":318,"column":21},"end":{"line":318,"column":50}}],"line":318},"15":{"loc":{"start":{"line":327,"column":11},"end":{"line":472,"column":5}},"type":"if","locations":[{"start":{"line":327,"column":11},"end":{"line":472,"column":5}},{"start":{"line":327,"column":11},"end":{"line":472,"column":5}}],"line":327},"16":{"loc":{"start":{"line":327,"column":15},"end":{"line":327,"column":58}},"type":"binary-expr","locations":[{"start":{"line":327,"column":15},"end":{"line":327,"column":25}},{"start":{"line":327,"column":29},"end":{"line":327,"column":58}}],"line":327},"17":{"loc":{"start":{"line":349,"column":10},"end":{"line":453,"column":11}},"type":"if","locations":[{"start":{"line":349,"column":10},"end":{"line":453,"column":11}},{"start":{"line":349,"column":10},"end":{"line":453,"column":11}}],"line":349},"18":{"loc":{"start":{"line":350,"column":12},"end":{"line":389,"column":13}},"type":"if","locations":[{"start":{"line":350,"column":12},"end":{"line":389,"column":13}},{"start":{"line":350,"column":12},"end":{"line":389,"column":13}}],"line":350},"19":{"loc":{"start":{"line":403,"column":16},"end":{"line":442,"column":17}},"type":"if","locations":[{"start":{"line":403,"column":16},"end":{"line":442,"column":17}},{"start":{"line":403,"column":16},"end":{"line":442,"column":17}}],"line":403}},"s":{"0":1,"1":1,"2":1,"3":1,"4":1,"5":1,"6":1,"7":1,"8":1,"9":10,"10":10,"11":10,"12":10,"13":10,"14":1,"15":9,"16":0,"17":9,"18":9,"19":9,"20":9,"21":9,"22":9,"23":0,"24":9,"25":9,"26":9,"27":9,"28":9,"29":9,"30":0,"31":0,"32":0,"33":0,"34":0,"35":0,"36":0,"37":16,"38":16,"39":16,"40":16,"41":16,"42":9,"43":9,"44":0,"45":0,"46":0,"47":0,"48":0,"49":0,"50":0,"51":0,"52":0,"53":0,"54":0,"55":0,"56":0,"57":9,"58":7,"59":0,"60":0,"61":0,"62":0,"63":0,"64":0,"65":0,"66":0,"67":0,"68":7,"69":7,"70":0,"71":0,"72":7,"73":7,"74":7,"75":7,"76":7,"77":7,"78":7,"79":7,"80":0,"81":0,"82":0,"83":0,"84":0,"85":0,"86":0,"87":0,"88":0,"89":0,"90":0,"91":0,"92":0,"93":0,"94":0,"95":0,"96":0,"97":7,"98":7,"99":0,"100":1},"f":{"0":10,"1":10,"2":9,"3":9,"4":9,"5":9,"6":9,"7":0,"8":0,"9":0,"10":0,"11":16,"12":16,"13":0,"14":0,"15":0,"16":0,"17":0,"18":0,"19":0,"20":0,"21":0,"22":0,"23":7,"24":7,"25":7,"26":7,"27":7,"28":7,"29":0,"30":0,"31":0,"32":0,"33":0,"34":0,"35":0,"36":7,"37":7,"38":0},"b":{"0":[10,0],"1":[1,9],"2":[9,0],"3":[9,9],"4":[0,9],"5":[9,0],"6":[9,0],"7":[9,9],"8":[9,0],"9":[9,9],"10":[9,7],"11":[0,9],"12":[0,0],"13":[0,7],"14":[7,0],"15":[7,0],"16":[7,7],"17":[7,0],"18":[7,0],"19":[0,0]},"_coverageSchema":"43e27e138ebf9cfc5966b082cf9a028302ed4184","hash":"5163b508cf9088ea12e99ca2123ff6761f5df5e0","contentHash":"8a5eb86d2da3a38032eca84aa685177861fea711ffc7ff3e56b9cc727b79dc68"},"/usr/src/app/helpers/add-minute-to-date.js":{"path":"/usr/src/app/helpers/add-minute-to-date.js","statementMap":{"0":{"start":{"line":9,"column":2},"end":{"line":9,"column":52}},"1":{"start":{"line":12,"column":0},"end":{"line":12,"column":34}}},"fnMap":{"0":{"name":"AddMinutesToDate","decl":{"start":{"line":8,"column":9},"end":{"line":8,"column":25}},"loc":{"start":{"line":8,"column":41},"end":{"line":10,"column":1}},"line":8}},"branchMap":{},"s":{"0":10,"1":1},"f":{"0":10},"b":{},"_coverageSchema":"43e27e138ebf9cfc5966b082cf9a028302ed4184","hash":"c1379131b8fac142ba8f4bc04f3a95b38cf591fb","contentHash":"735ccbea2b7f82ad01317121e1351aadbac994d767cc71a612ad17f92a50b6d5"},"/usr/src/app/models/_transaction.util.js":{"path":"/usr/src/app/models/_transaction.util.js","statementMap":{"0":{"start":{"line":2,"column":13},"end":{"line":2,"column":36}},"1":{"start":{"line":3,"column":25},"end":{"line":3,"column":50}},"2":{"start":{"line":4,"column":28},"end":{"line":4,"column":55}},"3":{"start":{"line":18,"column":2},"end":{"line":23,"column":3}},"4":{"start":{"line":20,"column":21},"end":{"line":20,"column":65}},"5":{"start":{"line":22,"column":4},"end":{"line":22,"column":37}},"6":{"start":{"line":25,"column":2},"end":{"line":33,"column":5}},"7":{"start":{"line":32,"column":4},"end":{"line":32,"column":20}},"8":{"start":{"line":36,"column":0},"end":{"line":36,"column":39}}},"fnMap":{"0":{"name":"createTransaction","decl":{"start":{"line":17,"column":9},"end":{"line":17,"column":26}},"loc":{"start":{"line":17,"column":86},"end":{"line":34,"column":1}},"line":17},"1":{"name":"(anonymous_1)","decl":{"start":{"line":31,"column":10},"end":{"line":31,"column":11}},"loc":{"start":{"line":31,"column":16},"end":{"line":33,"column":3}},"line":31}},"branchMap":{"0":{"loc":{"start":{"line":18,"column":2},"end":{"line":23,"column":3}},"type":"if","locations":[{"start":{"line":18,"column":2},"end":{"line":23,"column":3}},{"start":{"line":18,"column":2},"end":{"line":23,"column":3}}],"line":18}},"s":{"0":1,"1":1,"2":1,"3":7,"4":7,"5":7,"6":7,"7":7,"8":1},"f":{"0":7,"1":7},"b":{"0":[7,0]},"_coverageSchema":"43e27e138ebf9cfc5966b082cf9a028302ed4184","hash":"591c4ad18bc4daa40885784d32fd5ff9e900c675","contentHash":"e9ed8d21509f4efe7871063c9f0232ab06289bf56063df2ed37b193d5a629c32"},"/usr/src/app/config/db.js":{"path":"/usr/src/app/config/db.js","statementMap":{"0":{"start":{"line":1,"column":15},"end":{"line":1,"column":28}},"1":{"start":{"line":2,"column":22},"end":{"line":2,"column":46}},"2":{"start":{"line":3,"column":13},"end":{"line":3,"column":34}},"3":{"start":{"line":10,"column":0},"end":{"line":13,"column":4}},"4":{"start":{"line":11,"column":4},"end":{"line":11,"column":58}},"5":{"start":{"line":12,"column":4},"end":{"line":12,"column":21}},"6":{"start":{"line":14,"column":0},"end":{"line":14,"column":22}}},"fnMap":{"0":{"name":"(anonymous_0)","decl":{"start":{"line":10,"column":17},"end":{"line":10,"column":18}},"loc":{"start":{"line":10,"column":34},"end":{"line":13,"column":3}},"line":10}},"branchMap":{},"s":{"0":1,"1":1,"2":1,"3":1,"4":0,"5":0,"6":1},"f":{"0":0},"b":{},"_coverageSchema":"43e27e138ebf9cfc5966b082cf9a028302ed4184","hash":"611af8891fa08a12116b7a84283565a64e2d5000","contentHash":"e0e319e333c2c18d5110fd2d0131cbabb5ba5f11d497c65cc7d0e1735d979f76"},"/usr/src/app/config/environment.js":{"path":"/usr/src/app/config/environment.js","statementMap":{"0":{"start":{"line":2,"column":0},"end":{"line":2,"column":27}},"1":{"start":{"line":3,"column":12},"end":{"line":3,"column":23}},"2":{"start":{"line":7,"column":22},"end":{"line":10,"column":1}},"3":{"start":{"line":13,"column":21},"end":{"line":16,"column":1}},"4":{"start":{"line":19,"column":23},"end":{"line":24,"column":1}},"5":{"start":{"line":27,"column":20},"end":{"line":33,"column":1}},"6":{"start":{"line":34,"column":23},"end":{"line":34,"column":33}},"7":{"start":{"line":35,"column":0},"end":{"line":35,"column":93}}},"fnMap":{},"branchMap":{"0":{"loc":{"start":{"line":8,"column":17},"end":{"line":8,"column":40}},"type":"binary-expr","locations":[{"start":{"line":8,"column":17},"end":{"line":8,"column":32}},{"start":{"line":8,"column":36},"end":{"line":8,"column":40}}],"line":8},"1":{"loc":{"start":{"line":9,"column":14},"end":{"line":9,"column":35}},"type":"binary-expr","locations":[{"start":{"line":9,"column":14},"end":{"line":9,"column":26}},{"start":{"line":9,"column":30},"end":{"line":9,"column":35}}],"line":9},"2":{"loc":{"start":{"line":14,"column":12},"end":{"line":14,"column":30}},"type":"binary-expr","locations":[{"start":{"line":14,"column":12},"end":{"line":14,"column":25}},{"start":{"line":14,"column":29},"end":{"line":14,"column":30}}],"line":14},"3":{"loc":{"start":{"line":15,"column":11},"end":{"line":15,"column":39}},"type":"binary-expr","locations":[{"start":{"line":15,"column":11},"end":{"line":15,"column":33}},{"start":{"line":15,"column":37},"end":{"line":15,"column":39}}],"line":15},"4":{"loc":{"start":{"line":30,"column":11},"end":{"line":30,"column":30}},"type":"binary-expr","locations":[{"start":{"line":30,"column":11},"end":{"line":30,"column":22}},{"start":{"line":30,"column":26},"end":{"line":30,"column":30}}],"line":30},"5":{"loc":{"start":{"line":31,"column":11},"end":{"line":31,"column":32}},"type":"binary-expr","locations":[{"start":{"line":31,"column":11},"end":{"line":31,"column":22}},{"start":{"line":31,"column":26},"end":{"line":31,"column":32}}],"line":31}},"s":{"0":1,"1":1,"2":1,"3":1,"4":1,"5":1,"6":1,"7":1},"f":{},"b":{"0":[1,1],"1":[1,0],"2":[1,0],"3":[1,0],"4":[1,0],"5":[1,0]},"_coverageSchema":"43e27e138ebf9cfc5966b082cf9a028302ed4184","hash":"8637b7a30e85d42cf6ce0659a56aff4ddde21f66","contentHash":"77f744f3df734aa22846bdeddd09f5b1ec5eb9d03ee0db08efb86df32ed18f78"},"/usr/src/app/models/helper.model.js":{"path":"/usr/src/app/models/helper.model.js","statementMap":{"0":{"start":{"line":2,"column":0},"end":{"line":2,"column":27}},"1":{"start":{"line":3,"column":15},"end":{"line":3,"column":32}},"2":{"start":{"line":4,"column":15},"end":{"line":4,"column":32}},"3":{"start":{"line":5,"column":14},"end":{"line":5,"column":30}},"4":{"start":{"line":8,"column":4},"end":{"line":8,"column":36}},"5":{"start":{"line":9,"column":23},"end":{"line":9,"column":46}},"6":{"start":{"line":16,"column":2},"end":{"line":16,"column":47}},"7":{"start":{"line":25,"column":2},"end":{"line":28,"column":19}},"8":{"start":{"line":35,"column":2},"end":{"line":38,"column":4}},"9":{"start":{"line":49,"column":25},"end":{"line":49,"column":61}},"10":{"start":{"line":51,"column":2},"end":{"line":70,"column":5}},"11":{"start":{"line":52,"column":4},"end":{"line":68,"column":5}},"12":{"start":{"line":54,"column":19},"end":{"line":56,"column":18}},"13":{"start":{"line":57,"column":6},"end":{"line":67,"column":11}},"14":{"start":{"line":60,"column":10},"end":{"line":62,"column":11}},"15":{"start":{"line":61,"column":12},"end":{"line":61,"column":34}},"16":{"start":{"line":63,"column":10},"end":{"line":63,"column":33}},"17":{"start":{"line":66,"column":10},"end":{"line":66,"column":29}},"18":{"start":{"line":69,"column":4},"end":{"line":69,"column":27}},"19":{"start":{"line":73,"column":0},"end":{"line":78,"column":2}}},"fnMap":{"0":{"name":"getNewOtp","decl":{"start":{"line":15,"column":9},"end":{"line":15,"column":18}},"loc":{"start":{"line":15,"column":27},"end":{"line":17,"column":1}},"line":15},"1":{"name":"getNewSecret","decl":{"start":{"line":24,"column":9},"end":{"line":24,"column":21}},"loc":{"start":{"line":24,"column":27},"end":{"line":29,"column":1}},"line":24},"2":{"name":"configureOTP","decl":{"start":{"line":34,"column":9},"end":{"line":34,"column":21}},"loc":{"start":{"line":34,"column":24},"end":{"line":39,"column":1}},"line":34},"3":{"name":"checkBlackListApp","decl":{"start":{"line":48,"column":9},"end":{"line":48,"column":26}},"loc":{"start":{"line":48,"column":53},"end":{"line":71,"column":1}},"line":48},"4":{"name":"(anonymous_4)","decl":{"start":{"line":51,"column":34},"end":{"line":51,"column":35}},"loc":{"start":{"line":51,"column":46},"end":{"line":70,"column":3}},"line":51},"5":{"name":"(anonymous_5)","decl":{"start":{"line":59,"column":14},"end":{"line":59,"column":15}},"loc":{"start":{"line":59,"column":28},"end":{"line":64,"column":9}},"line":59},"6":{"name":"(anonymous_6)","decl":{"start":{"line":65,"column":15},"end":{"line":65,"column":16}},"loc":{"start":{"line":65,"column":31},"end":{"line":67,"column":9}},"line":65}},"branchMap":{"0":{"loc":{"start":{"line":52,"column":4},"end":{"line":68,"column":5}},"type":"if","locations":[{"start":{"line":52,"column":4},"end":{"line":68,"column":5}},{"start":{"line":52,"column":4},"end":{"line":68,"column":5}}],"line":52},"1":{"loc":{"start":{"line":52,"column":8},"end":{"line":52,"column":42}},"type":"binary-expr","locations":[{"start":{"line":52,"column":8},"end":{"line":52,"column":16}},{"start":{"line":52,"column":20},"end":{"line":52,"column":42}}],"line":52},"2":{"loc":{"start":{"line":60,"column":10},"end":{"line":62,"column":11}},"type":"if","locations":[{"start":{"line":60,"column":10},"end":{"line":62,"column":11}},{"start":{"line":60,"column":10},"end":{"line":62,"column":11}}],"line":60}},"s":{"0":1,"1":1,"2":1,"3":1,"4":1,"5":1,"6":9,"7":7,"8":10,"9":10,"10":10,"11":10,"12":10,"13":10,"14":10,"15":1,"16":9,"17":0,"18":0,"19":1},"f":{"0":9,"1":7,"2":10,"3":10,"4":10,"5":10,"6":0},"b":{"0":[10,0],"1":[10,10],"2":[1,9]},"_coverageSchema":"43e27e138ebf9cfc5966b082cf9a028302ed4184","hash":"661f27ea00e96c36f6e48d1aa69243eb4a08c237","contentHash":"ede575917e90f301ad16434c9fdff5c0be8f0603318f12cbeb3e06d9fad023ef"},"/usr/src/app/models/auth.model.js":{"path":"/usr/src/app/models/auth.model.js","statementMap":{"0":{"start":{"line":2,"column":31},"end":{"line":2,"column":58}},"1":{"start":{"line":3,"column":22},"end":{"line":3,"column":64}},"2":{"start":{"line":12,"column":2},"end":{"line":62,"column":3}},"3":{"start":{"line":14,"column":4},"end":{"line":14,"column":39}},"4":{"start":{"line":16,"column":4},"end":{"line":37,"column":9}},"5":{"start":{"line":21,"column":8},"end":{"line":27,"column":9}},"6":{"start":{"line":23,"column":10},"end":{"line":23,"column":61}},"7":{"start":{"line":26,"column":10},"end":{"line":26,"column":37}},"8":{"start":{"line":30,"column":8},"end":{"line":36,"column":10}},"9":{"start":{"line":40,"column":4},"end":{"line":61,"column":9}},"10":{"start":{"line":45,"column":8},"end":{"line":51,"column":9}},"11":{"start":{"line":47,"column":10},"end":{"line":47,"column":58}},"12":{"start":{"line":50,"column":10},"end":{"line":50,"column":37}},"13":{"start":{"line":54,"column":8},"end":{"line":60,"column":10}},"14":{"start":{"line":65,"column":0},"end":{"line":65,"column":32}}},"fnMap":{"0":{"name":"verifyUser","decl":{"start":{"line":11,"column":9},"end":{"line":11,"column":19}},"loc":{"start":{"line":11,"column":46},"end":{"line":63,"column":1}},"line":11},"1":{"name":"(anonymous_1)","decl":{"start":{"line":20,"column":12},"end":{"line":20,"column":13}},"loc":{"start":{"line":20,"column":20},"end":{"line":28,"column":7}},"line":20},"2":{"name":"(anonymous_2)","decl":{"start":{"line":29,"column":13},"end":{"line":29,"column":14}},"loc":{"start":{"line":29,"column":18},"end":{"line":37,"column":7}},"line":29},"3":{"name":"(anonymous_3)","decl":{"start":{"line":44,"column":12},"end":{"line":44,"column":13}},"loc":{"start":{"line":44,"column":20},"end":{"line":52,"column":7}},"line":44},"4":{"name":"(anonymous_4)","decl":{"start":{"line":53,"column":13},"end":{"line":53,"column":14}},"loc":{"start":{"line":53,"column":18},"end":{"line":61,"column":7}},"line":53}},"branchMap":{"0":{"loc":{"start":{"line":12,"column":2},"end":{"line":62,"column":3}},"type":"if","locations":[{"start":{"line":12,"column":2},"end":{"line":62,"column":3}},{"start":{"line":12,"column":2},"end":{"line":62,"column":3}}],"line":12},"1":{"loc":{"start":{"line":21,"column":8},"end":{"line":27,"column":9}},"type":"if","locations":[{"start":{"line":21,"column":8},"end":{"line":27,"column":9}},{"start":{"line":21,"column":8},"end":{"line":27,"column":9}}],"line":21},"2":{"loc":{"start":{"line":21,"column":12},"end":{"line":21,"column":29}},"type":"binary-expr","locations":[{"start":{"line":21,"column":12},"end":{"line":21,"column":16}},{"start":{"line":21,"column":20},"end":{"line":21,"column":29}}],"line":21},"3":{"loc":{"start":{"line":45,"column":8},"end":{"line":51,"column":9}},"type":"if","locations":[{"start":{"line":45,"column":8},"end":{"line":51,"column":9}},{"start":{"line":45,"column":8},"end":{"line":51,"column":9}}],"line":45},"4":{"loc":{"start":{"line":45,"column":12},"end":{"line":45,"column":33}},"type":"binary-expr","locations":[{"start":{"line":45,"column":12},"end":{"line":45,"column":16}},{"start":{"line":45,"column":20},"end":{"line":45,"column":33}}],"line":45}},"s":{"0":1,"1":1,"2":21,"3":21,"4":21,"5":21,"6":21,"7":0,"8":0,"9":0,"10":0,"11":0,"12":0,"13":0,"14":1},"f":{"0":21,"1":21,"2":0,"3":0,"4":0},"b":{"0":[21,0],"1":[21,0],"2":[21,21],"3":[0,0],"4":[0,0]},"_coverageSchema":"43e27e138ebf9cfc5966b082cf9a028302ed4184","hash":"2f77639aafbeb8e0cc3ed8f5e3f27597266eeb73","contentHash":"835faf9f679c4ab4992df83629811e83171e46fdac0c78b17909fb759c25e5fa"},"/usr/src/app/helpers/mobile-number.modify.js":{"path":"/usr/src/app/helpers/mobile-number.modify.js","statementMap":{"0":{"start":{"line":8,"column":2},"end":{"line":8,"column":46}},"1":{"start":{"line":8,"column":32},"end":{"line":8,"column":46}},"2":{"start":{"line":9,"column":2},"end":{"line":9,"column":51}},"3":{"start":{"line":9,"column":31},"end":{"line":9,"column":51}},"4":{"start":{"line":10,"column":2},"end":{"line":10,"column":24}},"5":{"start":{"line":13,"column":0},"end":{"line":13,"column":36}}},"fnMap":{"0":{"name":"updateMobileNumber","decl":{"start":{"line":7,"column":9},"end":{"line":7,"column":27}},"loc":{"start":{"line":7,"column":36},"end":{"line":11,"column":1}},"line":7}},"branchMap":{"0":{"loc":{"start":{"line":8,"column":2},"end":{"line":8,"column":46}},"type":"if","locations":[{"start":{"line":8,"column":2},"end":{"line":8,"column":46}},{"start":{"line":8,"column":2},"end":{"line":8,"column":46}}],"line":8},"1":{"loc":{"start":{"line":9,"column":2},"end":{"line":9,"column":51}},"type":"if","locations":[{"start":{"line":9,"column":2},"end":{"line":9,"column":51}},{"start":{"line":9,"column":2},"end":{"line":9,"column":51}}],"line":9}},"s":{"0":34,"1":20,"2":14,"3":12,"4":2,"5":1},"f":{"0":34},"b":{"0":[20,14],"1":[12,2]},"_coverageSchema":"43e27e138ebf9cfc5966b082cf9a028302ed4184","hash":"aa668d7028529a75aab1b9b79aa282b8d5c0da4c","contentHash":"81b9b0f52dd05d02796b5a2b90baf0347b0eb422da68e1f4a014fc400234ab89"},"/usr/src/app/controllers/generate-totp.controller.js":{"path":"/usr/src/app/controllers/generate-totp.controller.js","statementMap":{"0":{"start":{"line":1,"column":25},"end":{"line":1,"column":55}},"1":{"start":{"line":2,"column":25},"end":{"line":2,"column":57}},"2":{"start":{"line":4,"column":0},"end":{"line":24,"column":2}},"3":{"start":{"line":5,"column":38},"end":{"line":5,"column":46}},"4":{"start":{"line":7,"column":2},"end":{"line":11,"column":7}},"5":{"start":{"line":8,"column":4},"end":{"line":11,"column":7}},"6":{"start":{"line":13,"column":22},"end":{"line":13,"column":55}},"7":{"start":{"line":14,"column":2},"end":{"line":19,"column":3}},"8":{"start":{"line":15,"column":4},"end":{"line":18,"column":7}},"9":{"start":{"line":21,"column":2},"end":{"line":23,"column":5}},"10":{"start":{"line":22,"column":4},"end":{"line":22,"column":42}}},"fnMap":{"0":{"name":"(anonymous_0)","decl":{"start":{"line":4,"column":17},"end":{"line":4,"column":18}},"loc":{"start":{"line":4,"column":42},"end":{"line":24,"column":1}},"line":4},"1":{"name":"(anonymous_1)","decl":{"start":{"line":21,"column":49},"end":{"line":21,"column":50}},"loc":{"start":{"line":21,"column":75},"end":{"line":23,"column":3}},"line":21}},"branchMap":{"0":{"loc":{"start":{"line":7,"column":2},"end":{"line":11,"column":7}},"type":"if","locations":[{"start":{"line":7,"column":2},"end":{"line":11,"column":7}},{"start":{"line":7,"column":2},"end":{"line":11,"column":7}}],"line":7},"1":{"loc":{"start":{"line":7,"column":6},"end":{"line":7,"column":57}},"type":"binary-expr","locations":[{"start":{"line":7,"column":6},"end":{"line":7,"column":13}},{"start":{"line":7,"column":17},"end":{"line":7,"column":24}},{"start":{"line":7,"column":28},"end":{"line":7,"column":57}}],"line":7},"2":{"loc":{"start":{"line":14,"column":2},"end":{"line":19,"column":3}},"type":"if","locations":[{"start":{"line":14,"column":2},"end":{"line":19,"column":3}},{"start":{"line":14,"column":2},"end":{"line":19,"column":3}}],"line":14}},"s":{"0":1,"1":1,"2":1,"3":14,"4":14,"5":3,"6":11,"7":11,"8":1,"9":10,"10":10},"f":{"0":14,"1":10},"b":{"0":[3,11],"1":[14,13,12],"2":[1,10]},"_coverageSchema":"43e27e138ebf9cfc5966b082cf9a028302ed4184","hash":"98d58bfccc71ea1b26f2974b562540d1eec79457","contentHash":"7aa2d2dcebd5f497c3859f9d9538c7eb9323a3b41b71a9ad991b65d49eee6cb4"},"/usr/src/app/helpers/subscriber.js":{"path":"/usr/src/app/helpers/subscriber.js","statementMap":{"0":{"start":{"line":1,"column":23},"end":{"line":1,"column":25}},"1":{"start":{"line":3,"column":0},"end":{"line":3,"column":73}},"2":{"start":{"line":12,"column":0},"end":{"line":28,"column":2}},"3":{"start":{"line":13,"column":2},"end":{"line":13,"column":26}},"4":{"start":{"line":15,"column":2},"end":{"line":15,"column":39}},"5":{"start":{"line":16,"column":2},"end":{"line":16,"column":42}},"6":{"start":{"line":17,"column":2},"end":{"line":26,"column":3}},"7":{"start":{"line":18,"column":4},"end":{"line":25,"column":6}},"8":{"start":{"line":27,"column":2},"end":{"line":27,"column":14}},"9":{"start":{"line":37,"column":0},"end":{"line":40,"column":2}},"10":{"start":{"line":38,"column":2},"end":{"line":38,"column":36}},"11":{"start":{"line":39,"column":2},"end":{"line":39,"column":43}},"12":{"start":{"line":49,"column":0},"end":{"line":52,"column":2}},"13":{"start":{"line":50,"column":4},"end":{"line":50,"column":38}},"14":{"start":{"line":51,"column":4},"end":{"line":51,"column":54}},"15":{"start":{"line":70,"column":0},"end":{"line":111,"column":2}},"16":{"start":{"line":72,"column":2},"end":{"line":72,"column":26}},"17":{"start":{"line":74,"column":21},"end":{"line":74,"column":45}},"18":{"start":{"line":76,"column":10},"end":{"line":82,"column":3}},"19":{"start":{"line":84,"column":2},"end":{"line":88,"column":3}},"20":{"start":{"line":85,"column":4},"end":{"line":85,"column":23}},"21":{"start":{"line":86,"column":4},"end":{"line":86,"column":20}},"22":{"start":{"line":87,"column":4},"end":{"line":87,"column":13}},"23":{"start":{"line":90,"column":16},"end":{"line":90,"column":98}},"24":{"start":{"line":92,"column":2},"end":{"line":92,"column":22}},"25":{"start":{"line":94,"column":2},"end":{"line":108,"column":3}},"26":{"start":{"line":95,"column":4},"end":{"line":95,"column":22}},"27":{"start":{"line":96,"column":4},"end":{"line":96,"column":17}},"28":{"start":{"line":98,"column":7},"end":{"line":108,"column":3}},"29":{"start":{"line":99,"column":4},"end":{"line":99,"column":22}},"30":{"start":{"line":100,"column":4},"end":{"line":100,"column":20}},"31":{"start":{"line":102,"column":7},"end":{"line":108,"column":3}},"32":{"start":{"line":103,"column":4},"end":{"line":103,"column":20}},"33":{"start":{"line":104,"column":4},"end":{"line":104,"column":20}},"34":{"start":{"line":107,"column":4},"end":{"line":107,"column":20}},"35":{"start":{"line":110,"column":2},"end":{"line":110,"column":11}},"36":{"start":{"line":113,"column":0},"end":{"line":151,"column":2}},"37":{"start":{"line":153,"column":0},"end":{"line":165,"column":2}},"38":{"start":{"line":167,"column":0},"end":{"line":211,"column":2}},"39":{"start":{"line":213,"column":0},"end":{"line":263,"column":2}},"40":{"start":{"line":265,"column":0},"end":{"line":269,"column":2}},"41":{"start":{"line":266,"column":4},"end":{"line":266,"column":38}},"42":{"start":{"line":267,"column":4},"end":{"line":267,"column":33}},"43":{"start":{"line":267,"column":18},"end":{"line":267,"column":31}},"44":{"start":{"line":268,"column":4},"end":{"line":268,"column":80}},"45":{"start":{"line":271,"column":0},"end":{"line":273,"column":2}},"46":{"start":{"line":272,"column":4},"end":{"line":272,"column":60}},"47":{"start":{"line":275,"column":0},"end":{"line":277,"column":2}},"48":{"start":{"line":276,"column":4},"end":{"line":276,"column":60}},"49":{"start":{"line":279,"column":0},"end":{"line":281,"column":2}},"50":{"start":{"line":280,"column":4},"end":{"line":280,"column":58}},"51":{"start":{"line":283,"column":0},"end":{"line":301,"column":2}},"52":{"start":{"line":284,"column":17},"end":{"line":284,"column":41}},"53":{"start":{"line":286,"column":4},"end":{"line":286,"column":33}},"54":{"start":{"line":286,"column":18},"end":{"line":286,"column":31}},"55":{"start":{"line":288,"column":4},"end":{"line":288,"column":31}},"56":{"start":{"line":290,"column":19},"end":{"line":290,"column":45}},"57":{"start":{"line":291,"column":17},"end":{"line":291,"column":32}},"58":{"start":{"line":293,"column":4},"end":{"line":298,"column":5}},"59":{"start":{"line":294,"column":8},"end":{"line":294,"column":29}},"60":{"start":{"line":295,"column":8},"end":{"line":297,"column":9}},"61":{"start":{"line":296,"column":12},"end":{"line":296,"column":24}},"62":{"start":{"line":300,"column":4},"end":{"line":300,"column":17}},"63":{"start":{"line":303,"column":0},"end":{"line":303,"column":44}}},"fnMap":{"0":{"name":"(anonymous_0)","decl":{"start":{"line":12,"column":31},"end":{"line":12,"column":32}},"loc":{"start":{"line":12,"column":48},"end":{"line":28,"column":1}},"line":12},"1":{"name":"(anonymous_1)","decl":{"start":{"line":37,"column":33},"end":{"line":37,"column":34}},"loc":{"start":{"line":37,"column":50},"end":{"line":40,"column":1}},"line":37},"2":{"name":"(anonymous_2)","decl":{"start":{"line":49,"column":43},"end":{"line":49,"column":44}},"loc":{"start":{"line":49,"column":60},"end":{"line":52,"column":1}},"line":49},"3":{"name":"(anonymous_3)","decl":{"start":{"line":70,"column":28},"end":{"line":70,"column":29}},"loc":{"start":{"line":70,"column":54},"end":{"line":111,"column":1}},"line":70},"4":{"name":"(anonymous_4)","decl":{"start":{"line":265,"column":36},"end":{"line":265,"column":37}},"loc":{"start":{"line":265,"column":61},"end":{"line":269,"column":1}},"line":265},"5":{"name":"(anonymous_5)","decl":{"start":{"line":271,"column":28},"end":{"line":271,"column":29}},"loc":{"start":{"line":271,"column":45},"end":{"line":273,"column":1}},"line":271},"6":{"name":"(anonymous_6)","decl":{"start":{"line":275,"column":27},"end":{"line":275,"column":28}},"loc":{"start":{"line":275,"column":44},"end":{"line":277,"column":1}},"line":275},"7":{"name":"(anonymous_7)","decl":{"start":{"line":279,"column":25},"end":{"line":279,"column":26}},"loc":{"start":{"line":279,"column":42},"end":{"line":281,"column":1}},"line":279},"8":{"name":"(anonymous_8)","decl":{"start":{"line":283,"column":35},"end":{"line":283,"column":36}},"loc":{"start":{"line":283,"column":52},"end":{"line":301,"column":1}},"line":283}},"branchMap":{"0":{"loc":{"start":{"line":17,"column":2},"end":{"line":26,"column":3}},"type":"if","locations":[{"start":{"line":17,"column":2},"end":{"line":26,"column":3}},{"start":{"line":17,"column":2},"end":{"line":26,"column":3}}],"line":17},"1":{"loc":{"start":{"line":39,"column":9},"end":{"line":39,"column":42}},"type":"cond-expr","locations":[{"start":{"line":39,"column":18},"end":{"line":39,"column":35}},{"start":{"line":39,"column":38},"end":{"line":39,"column":42}}],"line":39},"2":{"loc":{"start":{"line":51,"column":11},"end":{"line":51,"column":53}},"type":"cond-expr","locations":[{"start":{"line":51,"column":20},"end":{"line":51,"column":46}},{"start":{"line":51,"column":49},"end":{"line":51,"column":53}}],"line":51},"3":{"loc":{"start":{"line":72,"column":12},"end":{"line":72,"column":25}},"type":"binary-expr","locations":[{"start":{"line":72,"column":12},"end":{"line":72,"column":19}},{"start":{"line":72,"column":23},"end":{"line":72,"column":25}}],"line":72},"4":{"loc":{"start":{"line":84,"column":2},"end":{"line":88,"column":3}},"type":"if","locations":[{"start":{"line":84,"column":2},"end":{"line":88,"column":3}},{"start":{"line":84,"column":2},"end":{"line":88,"column":3}}],"line":84},"5":{"loc":{"start":{"line":90,"column":16},"end":{"line":90,"column":98}},"type":"cond-expr","locations":[{"start":{"line":90,"column":40},"end":{"line":90,"column":72}},{"start":{"line":90,"column":75},"end":{"line":90,"column":98}}],"line":90},"6":{"loc":{"start":{"line":94,"column":2},"end":{"line":108,"column":3}},"type":"if","locations":[{"start":{"line":94,"column":2},"end":{"line":108,"column":3}},{"start":{"line":94,"column":2},"end":{"line":108,"column":3}}],"line":94},"7":{"loc":{"start":{"line":98,"column":7},"end":{"line":108,"column":3}},"type":"if","locations":[{"start":{"line":98,"column":7},"end":{"line":108,"column":3}},{"start":{"line":98,"column":7},"end":{"line":108,"column":3}}],"line":98},"8":{"loc":{"start":{"line":102,"column":7},"end":{"line":108,"column":3}},"type":"if","locations":[{"start":{"line":102,"column":7},"end":{"line":108,"column":3}},{"start":{"line":102,"column":7},"end":{"line":108,"column":3}}],"line":102},"9":{"loc":{"start":{"line":267,"column":4},"end":{"line":267,"column":33}},"type":"if","locations":[{"start":{"line":267,"column":4},"end":{"line":267,"column":33}},{"start":{"line":267,"column":4},"end":{"line":267,"column":33}}],"line":267},"10":{"loc":{"start":{"line":268,"column":11},"end":{"line":268,"column":79}},"type":"cond-expr","locations":[{"start":{"line":268,"column":67},"end":{"line":268,"column":71}},{"start":{"line":268,"column":74},"end":{"line":268,"column":79}}],"line":268},"11":{"loc":{"start":{"line":286,"column":4},"end":{"line":286,"column":33}},"type":"if","locations":[{"start":{"line":286,"column":4},"end":{"line":286,"column":33}},{"start":{"line":286,"column":4},"end":{"line":286,"column":33}}],"line":286},"12":{"loc":{"start":{"line":295,"column":8},"end":{"line":297,"column":9}},"type":"if","locations":[{"start":{"line":295,"column":8},"end":{"line":297,"column":9}},{"start":{"line":295,"column":8},"end":{"line":297,"column":9}}],"line":295}},"s":{"0":1,"1":1,"2":1,"3":47,"4":47,"5":47,"6":47,"7":45,"8":2,"9":1,"10":0,"11":0,"12":1,"13":0,"14":0,"15":1,"16":13,"17":13,"18":13,"19":13,"20":2,"21":2,"22":2,"23":11,"24":11,"25":11,"26":1,"27":1,"28":10,"29":1,"30":1,"31":9,"32":9,"33":9,"34":0,"35":11,"36":1,"37":1,"38":1,"39":1,"40":1,"41":33,"42":33,"43":0,"44":33,"45":1,"46":12,"47":1,"48":11,"49":1,"50":10,"51":1,"52":1,"53":1,"54":0,"55":1,"56":1,"57":1,"58":1,"59":3,"60":3,"61":1,"62":0,"63":1},"f":{"0":47,"1":0,"2":0,"3":13,"4":33,"5":12,"6":11,"7":10,"8":1},"b":{"0":[45,2],"1":[0,0],"2":[0,0],"3":[13,13],"4":[2,11],"5":[0,11],"6":[1,10],"7":[1,9],"8":[9,0],"9":[0,33],"10":[14,19],"11":[0,1],"12":[1,2]},"_coverageSchema":"43e27e138ebf9cfc5966b082cf9a028302ed4184","hash":"6cf79db5efedede88b11e407bfa0387d1a8e495e","contentHash":"1205d99732ac6a7318908563c8618f8e224199c6067ee74a3bafa4453cbe660b"},"/usr/src/app/controllers/verify-hotp.controller.js":{"path":"/usr/src/app/controllers/verify-hotp.controller.js","statementMap":{"0":{"start":{"line":1,"column":17},"end":{"line":1,"column":47}},"1":{"start":{"line":3,"column":0},"end":{"line":17,"column":1}},"2":{"start":{"line":4,"column":18},"end":{"line":4,"column":70}},"3":{"start":{"line":5,"column":14},"end":{"line":5,"column":26}},"4":{"start":{"line":6,"column":4},"end":{"line":16,"column":6}},"5":{"start":{"line":7,"column":8},"end":{"line":15,"column":9}},"6":{"start":{"line":8,"column":12},"end":{"line":10,"column":15}},"7":{"start":{"line":12,"column":12},"end":{"line":14,"column":15}}},"fnMap":{"0":{"name":"(anonymous_0)","decl":{"start":{"line":3,"column":17},"end":{"line":3,"column":18}},"loc":{"start":{"line":3,"column":37},"end":{"line":17,"column":1}},"line":3},"1":{"name":"(anonymous_1)","decl":{"start":{"line":6,"column":38},"end":{"line":6,"column":39}},"loc":{"start":{"line":6,"column":50},"end":{"line":16,"column":5}},"line":6}},"branchMap":{"0":{"loc":{"start":{"line":4,"column":18},"end":{"line":4,"column":70}},"type":"cond-expr","locations":[{"start":{"line":4,"column":37},"end":{"line":4,"column":53}},{"start":{"line":4,"column":56},"end":{"line":4,"column":70}}],"line":4},"1":{"loc":{"start":{"line":7,"column":8},"end":{"line":15,"column":9}},"type":"if","locations":[{"start":{"line":7,"column":8},"end":{"line":15,"column":9}},{"start":{"line":7,"column":8},"end":{"line":15,"column":9}}],"line":7}},"s":{"0":1,"1":1,"2":0,"3":0,"4":0,"5":0,"6":0,"7":0},"f":{"0":0,"1":0},"b":{"0":[0,0],"1":[0,0]},"_coverageSchema":"43e27e138ebf9cfc5966b082cf9a028302ed4184","hash":"f71bc23ef59f65ef9ef1f8a5a496a5ee9f83c78f","contentHash":"380a68f022463645ba4247d8c09ccfe00870bb0150f54849e48c26f149ab2ed3"},"/usr/src/app/controllers/verify-topt.controller.js":{"path":"/usr/src/app/controllers/verify-topt.controller.js","statementMap":{"0":{"start":{"line":1,"column":21},"end":{"line":1,"column":51}},"1":{"start":{"line":2,"column":0},"end":{"line":11,"column":1}},"2":{"start":{"line":3,"column":35},"end":{"line":3,"column":43}},"3":{"start":{"line":4,"column":0},"end":{"line":7,"column":5}},"4":{"start":{"line":4,"column":75},"end":{"line":7,"column":5}},"5":{"start":{"line":8,"column":0},"end":{"line":10,"column":7}},"6":{"start":{"line":9,"column":8},"end":{"line":9,"column":49}}},"fnMap":{"0":{"name":"(anonymous_0)","decl":{"start":{"line":2,"column":17},"end":{"line":2,"column":18}},"loc":{"start":{"line":2,"column":37},"end":{"line":11,"column":1}},"line":2},"1":{"name":"(anonymous_1)","decl":{"start":{"line":8,"column":39},"end":{"line":8,"column":40}},"loc":{"start":{"line":8,"column":61},"end":{"line":10,"column":5}},"line":8}},"branchMap":{"0":{"loc":{"start":{"line":4,"column":0},"end":{"line":7,"column":5}},"type":"if","locations":[{"start":{"line":4,"column":0},"end":{"line":7,"column":5}},{"start":{"line":4,"column":0},"end":{"line":7,"column":5}}],"line":4},"1":{"loc":{"start":{"line":4,"column":4},"end":{"line":4,"column":73}},"type":"binary-expr","locations":[{"start":{"line":4,"column":4},"end":{"line":4,"column":18}},{"start":{"line":4,"column":22},"end":{"line":4,"column":26}},{"start":{"line":4,"column":30},"end":{"line":4,"column":37}},{"start":{"line":4,"column":41},"end":{"line":4,"column":55}},{"start":{"line":4,"column":59},"end":{"line":4,"column":73}}],"line":4}},"s":{"0":1,"1":1,"2":12,"3":12,"4":5,"5":7,"6":7},"f":{"0":12,"1":7},"b":{"0":[5,7],"1":[12,11,10,9,8]},"_coverageSchema":"43e27e138ebf9cfc5966b082cf9a028302ed4184","hash":"26eb97e95c69b94c3d742626b6a190c180d52d7e","contentHash":"099040b1f75686e862ac3cef77b651fc210368e35cf6af7e3daf229dd3190018"},"/usr/src/app/controllers/verify-user.controller.js":{"path":"/usr/src/app/controllers/verify-user.controller.js","statementMap":{"0":{"start":{"line":2,"column":23},"end":{"line":2,"column":54}},"1":{"start":{"line":4,"column":0},"end":{"line":15,"column":2}},"2":{"start":{"line":5,"column":34},"end":{"line":5,"column":42}},"3":{"start":{"line":6,"column":2},"end":{"line":6,"column":33}},"4":{"start":{"line":7,"column":2},"end":{"line":10,"column":65}},"5":{"start":{"line":8,"column":4},"end":{"line":10,"column":65}},"6":{"start":{"line":12,"column":2},"end":{"line":14,"column":5}},"7":{"start":{"line":13,"column":4},"end":{"line":13,"column":45}}},"fnMap":{"0":{"name":"(anonymous_0)","decl":{"start":{"line":4,"column":17},"end":{"line":4,"column":18}},"loc":{"start":{"line":4,"column":36},"end":{"line":15,"column":1}},"line":4},"1":{"name":"(anonymous_1)","decl":{"start":{"line":12,"column":36},"end":{"line":12,"column":37}},"loc":{"start":{"line":12,"column":58},"end":{"line":14,"column":3}},"line":12}},"branchMap":{"0":{"loc":{"start":{"line":7,"column":2},"end":{"line":10,"column":65}},"type":"if","locations":[{"start":{"line":7,"column":2},"end":{"line":10,"column":65}},{"start":{"line":7,"column":2},"end":{"line":10,"column":65}}],"line":7},"1":{"loc":{"start":{"line":7,"column":6},"end":{"line":7,"column":62}},"type":"binary-expr","locations":[{"start":{"line":7,"column":7},"end":{"line":7,"column":14}},{"start":{"line":7,"column":18},"end":{"line":7,"column":32}},{"start":{"line":7,"column":38},"end":{"line":7,"column":44}},{"start":{"line":7,"column":48},"end":{"line":7,"column":61}}],"line":7}},"s":{"0":1,"1":1,"2":4,"3":4,"4":4,"5":2,"6":2,"7":2},"f":{"0":4,"1":2},"b":{"0":[2,2],"1":[4,1,3,3]},"_coverageSchema":"43e27e138ebf9cfc5966b082cf9a028302ed4184","hash":"23b0c04ceba81f6aaa24e743d21c3e4048948a1e","contentHash":"60f5c6177a430e2ce1bdcc50a17a70f46edfff818150f05c5847d3518dcae4a3"},"/usr/src/app/controllers/validate-transaction.controller.js":{"path":"/usr/src/app/controllers/validate-transaction.controller.js","statementMap":{"0":{"start":{"line":1,"column":30},"end":{"line":1,"column":68}},"1":{"start":{"line":3,"column":0},"end":{"line":9,"column":1}},"2":{"start":{"line":5,"column":4},"end":{"line":7,"column":7}},"3":{"start":{"line":6,"column":8},"end":{"line":6,"column":49}}},"fnMap":{"0":{"name":"(anonymous_0)","decl":{"start":{"line":3,"column":17},"end":{"line":3,"column":18}},"loc":{"start":{"line":3,"column":31},"end":{"line":9,"column":1}},"line":3},"1":{"name":"(anonymous_1)","decl":{"start":{"line":5,"column":36},"end":{"line":5,"column":37}},"loc":{"start":{"line":5,"column":58},"end":{"line":7,"column":5}},"line":5}},"branchMap":{},"s":{"0":1,"1":1,"2":3,"3":3},"f":{"0":3,"1":3},"b":{},"_coverageSchema":"43e27e138ebf9cfc5966b082cf9a028302ed4184","hash":"a30265e4ee78afd660bb76a76431cb0aff0d6346","contentHash":"775eeb9a40586a366db534368107092a58496669ab97b7448ba85c5eae6cc96a"},"/usr/src/app/models/transaction.model.js":{"path":"/usr/src/app/models/transaction.model.js","statementMap":{"0":{"start":{"line":1,"column":13},"end":{"line":1,"column":36}},"1":{"start":{"line":2,"column":28},"end":{"line":2,"column":55}},"2":{"start":{"line":20,"column":30},"end":{"line":20,"column":34}},"3":{"start":{"line":21,"column":50},"end":{"line":21,"column":59}},"4":{"start":{"line":23,"column":2},"end":{"line":43,"column":7}},"5":{"start":{"line":32,"column":6},"end":{"line":36,"column":7}},"6":{"start":{"line":33,"column":8},"end":{"line":33,"column":49}},"7":{"start":{"line":35,"column":8},"end":{"line":35,"column":50}},"8":{"start":{"line":39,"column":6},"end":{"line":42,"column":9}},"9":{"start":{"line":64,"column":39},"end":{"line":64,"column":43}},"10":{"start":{"line":65,"column":27},"end":{"line":65,"column":36}},"11":{"start":{"line":66,"column":34},"end":{"line":66,"column":41}},"12":{"start":{"line":68,"column":2},"end":{"line":96,"column":7}},"13":{"start":{"line":83,"column":6},"end":{"line":83,"column":25}},"14":{"start":{"line":84,"column":6},"end":{"line":88,"column":7}},"15":{"start":{"line":85,"column":8},"end":{"line":85,"column":35}},"16":{"start":{"line":87,"column":8},"end":{"line":87,"column":35}},"17":{"start":{"line":91,"column":6},"end":{"line":91,"column":46}},"18":{"start":{"line":92,"column":6},"end":{"line":95,"column":9}},"19":{"start":{"line":100,"column":0},"end":{"line":100,"column":64}}},"fnMap":{"0":{"name":"validateTransaction","decl":{"start":{"line":19,"column":9},"end":{"line":19,"column":28}},"loc":{"start":{"line":19,"column":38},"end":{"line":44,"column":1}},"line":19},"1":{"name":"(anonymous_1)","decl":{"start":{"line":31,"column":10},"end":{"line":31,"column":11}},"loc":{"start":{"line":31,"column":20},"end":{"line":37,"column":5}},"line":31},"2":{"name":"(anonymous_2)","decl":{"start":{"line":38,"column":11},"end":{"line":38,"column":12}},"loc":{"start":{"line":38,"column":16},"end":{"line":43,"column":5}},"line":38},"3":{"name":"invalidateTransaction","decl":{"start":{"line":63,"column":9},"end":{"line":63,"column":30}},"loc":{"start":{"line":63,"column":40},"end":{"line":98,"column":1}},"line":63},"4":{"name":"(anonymous_4)","decl":{"start":{"line":82,"column":10},"end":{"line":82,"column":11}},"loc":{"start":{"line":82,"column":22},"end":{"line":89,"column":5}},"line":82},"5":{"name":"(anonymous_5)","decl":{"start":{"line":90,"column":11},"end":{"line":90,"column":12}},"loc":{"start":{"line":90,"column":16},"end":{"line":96,"column":5}},"line":90}},"branchMap":{"0":{"loc":{"start":{"line":32,"column":6},"end":{"line":36,"column":7}},"type":"if","locations":[{"start":{"line":32,"column":6},"end":{"line":36,"column":7}},{"start":{"line":32,"column":6},"end":{"line":36,"column":7}}],"line":32},"1":{"loc":{"start":{"line":84,"column":6},"end":{"line":88,"column":7}},"type":"if","locations":[{"start":{"line":84,"column":6},"end":{"line":88,"column":7}},{"start":{"line":84,"column":6},"end":{"line":88,"column":7}}],"line":84}},"s":{"0":1,"1":1,"2":3,"3":3,"4":3,"5":3,"6":2,"7":1,"8":0,"9":3,"10":3,"11":3,"12":3,"13":3,"14":3,"15":3,"16":0,"17":0,"18":0,"19":1},"f":{"0":3,"1":3,"2":0,"3":3,"4":3,"5":0},"b":{"0":[2,1],"1":[3,0]},"_coverageSchema":"43e27e138ebf9cfc5966b082cf9a028302ed4184","hash":"74844e4ef8947f42d854af61387e056274679d57","contentHash":"0888868773dbf80ac324bf757449d57ea8d4325a015593504ff3ab3cd56cb621"},"/usr/src/app/controllers/invalidate-transaction.controller.js":{"path":"/usr/src/app/controllers/invalidate-transaction.controller.js","statementMap":{"0":{"start":{"line":1,"column":32},"end":{"line":1,"column":70}},"1":{"start":{"line":3,"column":0},"end":{"line":9,"column":1}},"2":{"start":{"line":5,"column":4},"end":{"line":7,"column":7}},"3":{"start":{"line":6,"column":8},"end":{"line":6,"column":49}}},"fnMap":{"0":{"name":"(anonymous_0)","decl":{"start":{"line":3,"column":17},"end":{"line":3,"column":18}},"loc":{"start":{"line":3,"column":31},"end":{"line":9,"column":1}},"line":3},"1":{"name":"(anonymous_1)","decl":{"start":{"line":5,"column":48},"end":{"line":5,"column":49}},"loc":{"start":{"line":5,"column":70},"end":{"line":7,"column":5}},"line":5}},"branchMap":{},"s":{"0":1,"1":1,"2":3,"3":3},"f":{"0":3,"1":3},"b":{},"_coverageSchema":"43e27e138ebf9cfc5966b082cf9a028302ed4184","hash":"8ad8c08426fab3173ea4475cc6eee1ea67ab6536","contentHash":"78a10b3a0abba3c0512f8e9f8fcfecf25e5a2d4015ec4ac6cdb9fff6fed1606a"},"/usr/src/app/tests/helpers/add-minute-to-date.spec.js":{"path":"/usr/src/app/tests/helpers/add-minute-to-date.spec.js","statementMap":{"0":{"start":{"line":1,"column":9},"end":{"line":1,"column":30}},"1":{"start":{"line":2,"column":23},"end":{"line":2,"column":66}},"2":{"start":{"line":3,"column":11},"end":{"line":3,"column":26}},"3":{"start":{"line":5,"column":0},"end":{"line":15,"column":2}},"4":{"start":{"line":6,"column":4},"end":{"line":14,"column":6}},"5":{"start":{"line":7,"column":19},"end":{"line":7,"column":29}},"6":{"start":{"line":8,"column":22},"end":{"line":8,"column":24}},"7":{"start":{"line":9,"column":8},"end":{"line":9,"column":23}},"8":{"start":{"line":10,"column":26},"end":{"line":10,"column":68}},"9":{"start":{"line":11,"column":27},"end":{"line":11,"column":58}},"10":{"start":{"line":12,"column":8},"end":{"line":12,"column":84}},"11":{"start":{"line":13,"column":8},"end":{"line":13,"column":15}}},"fnMap":{"0":{"name":"(anonymous_0)","decl":{"start":{"line":5,"column":38},"end":{"line":5,"column":39}},"loc":{"start":{"line":5,"column":42},"end":{"line":15,"column":1}},"line":5},"1":{"name":"(anonymous_1)","decl":{"start":{"line":6,"column":70},"end":{"line":6,"column":71}},"loc":{"start":{"line":6,"column":78},"end":{"line":14,"column":5}},"line":6}},"branchMap":{},"s":{"0":1,"1":1,"2":1,"3":1,"4":1,"5":1,"6":1,"7":1,"8":1,"9":1,"10":1,"11":1},"f":{"0":1,"1":1},"b":{},"_coverageSchema":"43e27e138ebf9cfc5966b082cf9a028302ed4184","hash":"5a12e57e4590fa810c6958c7d44511c4f2001ae7","contentHash":"a6e41babcdc896413014b0a97b69a5817bce0222afce963deb6e67c070674bd7"},"/usr/src/app/tests/helpers/mobile-number-modify.spec.js":{"path":"/usr/src/app/tests/helpers/mobile-number-modify.spec.js","statementMap":{"0":{"start":{"line":1,"column":25},"end":{"line":1,"column":70}},"1":{"start":{"line":2,"column":11},"end":{"line":2,"column":26}},"2":{"start":{"line":4,"column":0},"end":{"line":25,"column":3}},"3":{"start":{"line":5,"column":4},"end":{"line":10,"column":7}},"4":{"start":{"line":6,"column":21},"end":{"line":6,"column":35}},"5":{"start":{"line":7,"column":29},"end":{"line":7,"column":55}},"6":{"start":{"line":8,"column":8},"end":{"line":8,"column":56}},"7":{"start":{"line":9,"column":8},"end":{"line":9,"column":15}},"8":{"start":{"line":12,"column":4},"end":{"line":17,"column":6}},"9":{"start":{"line":13,"column":21},"end":{"line":13
[...]
6":{"start":{"line":12,"column":11},"end":{"line":16,"column":2}},"7":{"start":{"line":18,"column":0},"end":{"line":262,"column":3}},"8":{"start":{"line":19,"column":2},"end":{"line":86,"column":5}},"9":{"start":{"line":20,"column":4},"end":{"line":42,"column":7}},"10":{"start":{"line":21,"column":17},"end":{"line":25,"column":7}},"11":{"start":{"line":26,"column":6},"end":{"line":41,"column":11}},"12":{"start":{"line":32,"column":10},"end":{"line":40,"column":15}},"13":{"start":{"line":38,"column":14},"end":{"line":38,"column":46}},"14":{"start":{"line":39,"column":14},"end":{"line":39,"column":21}},"15":{"start":{"line":43,"column":4},"end":{"line":53,"column":7}},"16":{"start":{"line":44,"column":6},"end":{"line":52,"column":11}},"17":{"start":{"line":50,"column":10},"end":{"line":50,"column":42}},"18":{"start":{"line":51,"column":10},"end":{"line":51,"column":17}},"19":{"start":{"line":54,"column":4},"end":{"line":64,"column":7}},"20":{"start":{"line":55,"column":6},"end":{"line":63,"column":11}},"21":{"start":{"line":61,"column":10},"end":{"line":61,"column":42}},"22":{"start":{"line":62,"column":10},"end":{"line":62,"column":17}},"23":{"start":{"line":65,"column":4},"end":{"line":75,"column":7}},"24":{"start":{"line":66,"column":6},"end":{"line":74,"column":11}},"25":{"start":{"line":72,"column":10},"end":{"line":72,"column":42}},"26":{"start":{"line":73,"column":10},"end":{"line":73,"column":17}},"27":{"start":{"line":76,"column":4},"end":{"line":85,"column":7}},"28":{"start":{"line":77,"column":6},"end":{"line":84,"column":11}},"29":{"start":{"line":82,"column":10},"end":{"line":82,"column":42}},"30":{"start":{"line":83,"column":10},"end":{"line":83,"column":17}},"31":{"start":{"line":88,"column":2},"end":{"line":169,"column":5}},"32":{"start":{"line":89,"column":4},"end":{"line":104,"column":7}},"33":{"start":{"line":90,"column":17},"end":{"line":94,"column":7}},"34":{"start":{"line":95,"column":6},"end":{"line":103,"column":11}},"35":{"start":{"line":101,"column":10},"end":{"line":101,"column":42}},"36":{"start":{"line":102,"column":10},"end":{"line":102,"column":17}},"37":{"start":{"line":105,"column":4},"end":{"line":120,"column":7}},"38":{"start":{"line":106,"column":17},"end":{"line":110,"column":7}},"39":{"start":{"line":111,"column":6},"end":{"line":119,"column":11}},"40":{"start":{"line":117,"column":10},"end":{"line":117,"column":42}},"41":{"start":{"line":118,"column":10},"end":{"line":118,"column":17}},"42":{"start":{"line":121,"column":4},"end":{"line":136,"column":7}},"43":{"start":{"line":122,"column":17},"end":{"line":126,"column":7}},"44":{"start":{"line":127,"column":6},"end":{"line":135,"column":11}},"45":{"start":{"line":133,"column":10},"end":{"line":133,"column":42}},"46":{"start":{"line":134,"column":10},"end":{"line":134,"column":17}},"47":{"start":{"line":137,"column":4},"end":{"line":152,"column":7}},"48":{"start":{"line":138,"column":17},"end":{"line":142,"column":7}},"49":{"start":{"line":143,"column":6},"end":{"line":151,"column":11}},"50":{"start":{"line":149,"column":10},"end":{"line":149,"column":42}},"51":{"start":{"line":150,"column":10},"end":{"line":150,"column":17}},"52":{"start":{"line":153,"column":4},"end":{"line":168,"column":7}},"53":{"start":{"line":154,"column":17},"end":{"line":158,"column":7}},"54":{"start":{"line":159,"column":6},"end":{"line":167,"column":11}},"55":{"start":{"line":165,"column":10},"end":{"line":165,"column":42}},"56":{"start":{"line":166,"column":10},"end":{"line":166,"column":17}},"57":{"start":{"line":171,"column":2},"end":{"line":261,"column":5}},"58":{"start":{"line":172,"column":4},"end":{"line":195,"column":7}},"59":{"start":{"line":173,"column":17},"end":{"line":177,"column":7}},"60":{"start":{"line":179,"column":6},"end":{"line":194,"column":11}},"61":{"start":{"line":185,"column":10},"end":{"line":193,"column":15}},"62":{"start":{"line":191,"column":14},"end":{"line":191,"column":46}},"63":{"start":{"line":192,"column":14},"end":{"line":192,"column":21}},"64":{"start":{"line":197,"column":4},"end":{"line":260,"column":7}},"65":{"start":{"line":198,"column":17},"end":{"line":202,"column":7}},"66":{"start":{"line":204,"column":6},"end":{"line":259,"column":58}},"67":{"start":{"line":210,"column":10},"end":{"line":257,"column":15}},"68":{"start":{"line":222,"column":14},"end":{"line":256,"column":19}},"69":{"start":{"line":234,"column":18},"end":{"line":255,"column":23}},"70":{"start":{"line":246,"column":22},"end":{"line":254,"column":27}},"71":{"start":{"line":252,"column":26},"end":{"line":252,"column":58}},"72":{"start":{"line":253,"column":26},"end":{"line":253,"column":33}},"73":{"start":{"line":259,"column":19},"end":{"line":259,"column":56}}},"fnMap":{"0":{"name":"(anonymous_0)","decl":{"start":{"line":18,"column":41},"end":{"line":18,"column":42}},"loc":{"start":{"line":18,"column":47},"end":{"line":262,"column":1}},"line":18},"1":{"name":"(anonymous_1)","decl":{"start":{"line":19,"column":44},"end":{"line":19,"column":45}},"loc":{"start":{"line":19,"column":50},"end":{"line":86,"column":3}},"line":19},"2":{"name":"(anonymous_2)","decl":{"start":{"line":20,"column":44},"end":{"line":20,"column":45}},"loc":{"start":{"line":20,"column":52},"end":{"line":42,"column":5}},"line":20},"3":{"name":"(anonymous_3)","decl":{"start":{"line":31,"column":13},"end":{"line":31,"column":14}},"loc":{"start":{"line":31,"column":27},"end":{"line":41,"column":9}},"line":31},"4":{"name":"(anonymous_4)","decl":{"start":{"line":37,"column":17},"end":{"line":37,"column":18}},"loc":{"start":{"line":37,"column":31},"end":{"line":40,"column":13}},"line":37},"5":{"name":"(anonymous_5)","decl":{"start":{"line":43,"column":43},"end":{"line":43,"column":44}},"loc":{"start":{"line":43,"column":51},"end":{"line":53,"column":5}},"line":43},"6":{"name":"(anonymous_6)","decl":{"start":{"line":49,"column":13},"end":{"line":49,"column":14}},"loc":{"start":{"line":49,"column":27},"end":{"line":52,"column":9}},"line":49},"7":{"name":"(anonymous_7)","decl":{"start":{"line":54,"column":45},"end":{"line":54,"column":46}},"loc":{"start":{"line":54,"column":53},"end":{"line":64,"column":5}},"line":54},"8":{"name":"(anonymous_8)","decl":{"start":{"line":60,"column":13},"end":{"line":60,"column":14}},"loc":{"start":{"line":60,"column":27},"end":{"line":63,"column":9}},"line":60},"9":{"name":"(anonymous_9)","decl":{"start":{"line":65,"column":46},"end":{"line":65,"column":47}},"loc":{"start":{"line":65,"column":54},"end":{"line":75,"column":5}},"line":65},"10":{"name":"(anonymous_10)","decl":{"start":{"line":71,"column":13},"end":{"line":71,"column":14}},"loc":{"start":{"line":71,"column":27},"end":{"line":74,"column":9}},"line":71},"11":{"name":"(anonymous_11)","decl":{"start":{"line":76,"column":43},"end":{"line":76,"column":44}},"loc":{"start":{"line":76,"column":51},"end":{"line":85,"column":5}},"line":76},"12":{"name":"(anonymous_12)","decl":{"start":{"line":81,"column":13},"end":{"line":81,"column":14}},"loc":{"start":{"line":81,"column":27},"end":{"line":84,"column":9}},"line":81},"13":{"name":"(anonymous_13)","decl":{"start":{"line":88,"column":46},"end":{"line":88,"column":47}},"loc":{"start":{"line":88,"column":52},"end":{"line":169,"column":3}},"line":88},"14":{"name":"(anonymous_14)","decl":{"start":{"line":89,"column":56},"end":{"line":89,"column":57}},"loc":{"start":{"line":89,"column":64},"end":{"line":104,"column":5}},"line":89},"15":{"name":"(anonymous_15)","decl":{"start":{"line":100,"column":13},"end":{"line":100,"column":14}},"loc":{"start":{"line":100,"column":27},"end":{"line":103,"column":9}},"line":100},"16":{"name":"(anonymous_16)","decl":{"start":{"line":105,"column":49},"end":{"line":105,"column":50}},"loc":{"start":{"line":105,"column":57},"end":{"line":120,"column":5}},"line":105},"17":{"name":"(anonymous_17)","decl":{"start":{"line":116,"column":13},"end":{"line":116,"column":14}},"loc":{"start":{"line":116,"column":27},"end":{"line":119,"column":9}},"line":116},"18":{"name":"(anonymous_18)","decl":{"start":{"line":121,"column":46},"end":{"line":121,"column":47}},"loc":{"start":{"line":121,"column":54},"end":{"line":136,"column":5}},"line":121},"19":{"name":"(anonymous_19)","decl":{"start":{"line":132,"column":13},"end":{"line":132,"column":14}},"loc":{"start":{"line":132,"column":27},"end":{"line":135,"column":9}},"line":132},"20":{"name":"(anonymous_20)","decl":{"start":{"line":137,"column":46},"end":{"line":137,"column":47}},"loc":{"start":{"line":137,"column":54},"end":{"line":152,"column":5}},"line":137},"21":{"name":"(anonymous_21)","decl":{"start":{"line":148,"column":13},"end":{"line":148,"column":14}},"loc":{"start":{"line":148,"column":27},"end":{"line":151,"column":9}},"line":148},"22":{"name":"(anonymous_22)","decl":{"start":{"line":153,"column":46},"end":{"line":153,"column":47}},"loc":{"start":{"line":153,"column":54},"end":{"line":168,"column":5}},"line":153},"23":{"name":"(anonymous_23)","decl":{"start":{"line":164,"column":13},"end":{"line":164,"column":14}},"loc":{"start":{"line":164,"column":27},"end":{"line":167,"column":9}},"line":164},"24":{"name":"(anonymous_24)","decl":{"start":{"line":171,"column":39},"end":{"line":171,"column":40}},"loc":{"start":{"line":171,"column":45},"end":{"line":261,"column":3}},"line":171},"25":{"name":"(anonymous_25)","decl":{"start":{"line":172,"column":44},"end":{"line":172,"column":45}},"loc":{"start":{"line":172,"column":52},"end":{"line":195,"column":5}},"line":172},"26":{"name":"(anonymous_26)","decl":{"start":{"line":184,"column":13},"end":{"line":184,"column":14}},"loc":{"start":{"line":184,"column":27},"end":{"line":194,"column":9}},"line":184},"27":{"name":"(anonymous_27)","decl":{"start":{"line":190,"column":17},"end":{"line":190,"column":18}},"loc":{"start":{"line":190,"column":31},"end":{"line":193,"column":13}},"line":190},"28":{"name":"(anonymous_28)","decl":{"start":{"line":197,"column":64},"end":{"line":197,"column":65}},"loc":{"start":{"line":197,"column":72},"end":{"line":260,"column":5}},"line":197},"29":{"name":"(anonymous_29)","decl":{"start":{"line":209,"column":14},"end":{"line":209,"column":15}},"loc":{"start":{"line":209,"column":23},"end":{"line":258,"column":9}},"line":209},"30":{"name":"(anonymous_30)","decl":{"start":{"line":221,"column":18},"end":{"line":221,"column":19}},"loc":{"start":{"line":221,"column":24},"end":{"line":257,"column":13}},"line":221},"31":{"name":"(anonymous_31)","decl":{"start":{"line":233,"column":22},"end":{"line":233,"column":23}},"loc":{"start":{"line":233,"column":28},"end":{"line":256,"column":17}},"line":233},"32":{"name":"(anonymous_32)","decl":{"start":{"line":245,"column":26},"end":{"line":245,"column":27}},"loc":{"start":{"line":245,"column":32},"end":{"line":255,"column":21}},"line":245},"33":{"name":"(anonymous_33)","decl":{"start":{"line":251,"column":30},"end":{"line":251,"column":31}},"loc":{"start":{"line":251,"column":37},"end":{"line":254,"column":25}},"line":251},"34":{"name":"(anonymous_34)","decl":{"start":{"line":259,"column":14},"end":{"line":259,"column":15}},"loc":{"start":{"line":259,"column":19},"end":{"line":259,"column":56}},"line":259}},"branchMap":{},"s":{"0":1,"1":1,"2":1,"3":1,"4":1,"5":1,"6":1,"7":1,"8":1,"9":1,"10":1,"11":1,"12":1,"13":1,"14":1,"15":1,"16":1,"17":1,"18":1,"19":1,"20":1,"21":1,"22":1,"23":1,"24":1,"25":1,"26":1,"27":1,"28":1,"29":1,"30":1,"31":1,"32":1,"33":1,"34":1,"35":1,"36":1,"37":1,"38":1,"39":1,"40":1,"41":1,"42":1,"43":1,"44":1,"45":1,"46":1,"47":1,"48":1,"49":1,"50":1,"51":1,"52":1,"53":1,"54":1,"55":1,"56":1,"57":1,"58":1,"59":1,"60":1,"61":1,"62":1,"63":1,"64":1,"65":0,"66":0,"67":0,"68":0,"69":0,"70":0,"71":0,"72":0,"73":0},"f":{"0":1,"1":1,"2":1,"3":1,"4":1,"5":1,"6":1,"7":1,"8":1,"9":1,"10":1,"11":1,"12":1,"13":1,"14":1,"15":1,"16":1,"17":1,"18":1,"19":1,"20":1,"21":1,"22":1,"23":1,"24":1,"25":1,"26":1,"27":1,"28":0,"29":0,"30":0,"31":0,"32":0,"33":0,"34":0},"b":{},"_coverageSchema":"43e27e138ebf9cfc5966b082cf9a028302ed4184","hash":"35fd5c54a87e7ac05a5c587a9acd45aac44850d1","contentHash":"4712beb4fa7211ae0135659239241f7ea799f6703678dcc15c1e9b50a4107fc9"},"/usr/src/app/tests/verify-user-endpoint.spec.js":{"path":"/usr/src/app/tests/verify-user-endpoint.spec.js","statementMap":{"0":{"start":{"line":1,"column":13},"end":{"line":1,"column":28}},"1":{"start":{"line":2,"column":17},"end":{"line":2,"column":37}},"2":{"start":{"line":3,"column":12},"end":{"line":3,"column":29}},"3":{"start":{"line":4,"column":19},"end":{"line":4,"column":23}},"4":{"start":{"line":5,"column":0},"end":{"line":5,"column":19}},"5":{"start":{"line":7,"column":18},"end":{"line":11,"column":1}},"6":{"start":{"line":13,"column":0},"end":{"line":133,"column":3}},"7":{"start":{"line":14,"column":2},"end":{"line":85,"column":5}},"8":{"start":{"line":15,"column":4},"end":{"line":29,"column":7}},"9":{"start":{"line":16,"column":17},"end":{"line":18,"column":7}},"10":{"start":{"line":19,"column":6},"end":{"line":28,"column":11}},"11":{"start":{"line":25,"column":10},"end":{"line":25,"column":39}},"12":{"start":{"line":26,"column":10},"end":{"line":26,"column":53}},"13":{"start":{"line":27,"column":10},"end":{"line":27,"column":17}},"14":{"start":{"line":30,"column":4},"end":{"line":44,"column":7}},"15":{"start":{"line":31,"column":17},"end":{"line":34,"column":7}},"16":{"start":{"line":35,"column":6},"end":{"line":43,"column":11}},"17":{"start":{"line":41,"column":10},"end":{"line":41,"column":42}},"18":{"start":{"line":42,"column":10},"end":{"line":42,"column":17}},"19":{"start":{"line":45,"column":4},"end":{"line":59,"column":7}},"20":{"start":{"line":46,"column":17},"end":{"line":49,"column":7}},"21":{"start":{"line":50,"column":6},"end":{"line":58,"column":11}},"22":{"start":{"line":56,"column":10},"end":{"line":56,"column":42}},"23":{"start":{"line":57,"column":10},"end":{"line":57,"column":17}},"24":{"start":{"line":60,"column":4},"end":{"line":69,"column":7}},"25":{"start":{"line":61,"column":6},"end":{"line":68,"column":11}},"26":{"start":{"line":66,"column":10},"end":{"line":66,"column":42}},"27":{"start":{"line":67,"column":10},"end":{"line":67,"column":17}},"28":{"start":{"line":70,"column":4},"end":{"line":84,"column":7}},"29":{"start":{"line":71,"column":17},"end":{"line":74,"column":7}},"30":{"start":{"line":75,"column":6},"end":{"line":83,"column":11}},"31":{"start":{"line":81,"column":10},"end":{"line":81,"column":42}},"32":{"start":{"line":82,"column":10},"end":{"line":82,"column":17}},"33":{"start":{"line":87,"column":2},"end":{"line":115,"column":5}},"34":{"start":{"line":88,"column":4},"end":{"line":102,"column":7}},"35":{"start":{"line":89,"column":17},"end":{"line":92,"column":7}},"36":{"start":{"line":93,"column":6},"end":{"line":101,"column":11}},"37":{"start":{"line":99,"column":10},"end":{"line":99,"column":42}},"38":{"start":{"line":100,"column":10},"end":{"line":100,"column":17}},"39":{"start":{"line":103,"column":4},"end":{"line":114,"column":7}},"40":{"start":{"line":104,"column":17},"end":{"line":104,"column":19}},"41":{"start":{"line":105,"column":6},"end":{"line":113,"column":11}},"42":{"start":{"line":111,"column":10},"end":{"line":111,"column":42}},"43":{"start":{"line":112,"column":10},"end":{"line":112,"column":17}},"44":{"start":{"line":117,"column":2},"end":{"line":132,"column":5}},"45":{"start":{"line":118,"column":4},"end":{"line":131,"column":7}},"46":{"start":{"line":119,"column":17},"end":{"line":121,"column":7}},"47":{"start":{"line":122,"column":6},"end":{"line":130,"column":11}},"48":{"start":{"line":128,"column":10},"end":{"line":128,"column":53}},"49":{"start":{"line":129,"column":10},"end":{"line":129,"column":17}}},"fnMap":{"0":{"name":"(anonymous_0)","decl":{"start":{"line":13,"column":41},"end":{"line":13,"column":42}},"loc":{"start":{"line":13,"column":47},"end":{"line":133,"column":1}},"line":13},"1":{"name":"(anonymous_1)","decl":{"start":{"line":14,"column":44},"end":{"line":14,"column":45}},"loc":{"start":{"line":14,"column":50},"end":{"line":85,"column":3}},"line":14},"2":{"name":"(anonymous_2)","decl":{"start":{"line":15,"column":41},"end":{"line":15,"column":42}},"loc":{"start":{"line":15,"column":49},"end":{"line":29,"column":5}},"line":15},"3":{"name":"(anonymous_3)","decl":{"start":{"line":24,"column":13},"end":{"line":24,"column":14}},"loc":{"start":{"line":24,"column":27},"end":{"line":28,"column":9}},"line":24},"4":{"name":"(anonymous_4)","decl":{"start":{"line":30,"column":36},"end":{"line":30,"column":37}},"loc":{"start":{"line":30,"column":44},"end":{"line":44,"column":5}},"line":30},"5":{"name":"(anonymous_5)","decl":{"start":{"line":40,"column":13},"end":{"line":40,"column":14}},"loc":{"start":{"line":40,"column":27},"end":{"line":43,"column":9}},"line":40},"6":{"name":"(anonymous_6)","decl":{"start":{"line":45,"column":38},"end":{"line":45,"column":39}},"loc":{"start":{"line":45,"column":46},"end":{"line":59,"column":5}},"line":45},"7":{"name":"(anonymous_7)","decl":{"start":{"line":55,"column":13},"end":{"line":55,"column":14}},"loc":{"start":{"line":55,"column":27},"end":{"line":58,"column":9}},"line":55},"8":{"name":"(anonymous_8)","decl":{"start":{"line":60,"column":36},"end":{"line":60,"column":37}},"loc":{"start":{"line":60,"column":44},"end":{"line":69,"column":5}},"line":60},"9":{"name":"(anonymous_9)","decl":{"start":{"line":65,"column":13},"end":{"line":65,"column":14}},"loc":{"start":{"line":65,"column":27},"end":{"line":68,"column":9}},"line":65},"10":{"name":"(anonymous_10)","decl":{"start":{"line":70,"column":39},"end":{"line":70,"column":40}},"loc":{"start":{"line":70,"column":47},"end":{"line":84,"column":5}},"line":70},"11":{"name":"(anonymous_11)","decl":{"start":{"line":80,"column":13},"end":{"line":80,"column":14}},"loc":{"start":{"line":80,"column":27},"end":{"line":83,"column":9}},"line":80},"12":{"name":"(anonymous_12)","decl":{"start":{"line":87,"column":46},"end":{"line":87,"column":47}},"loc":{"start":{"line":87,"column":52},"end":{"line":115,"column":3}},"line":87},"13":{"name":"(anonymous_13)","decl":{"start":{"line":88,"column":75},"end":{"line":88,"column":76}},"loc":{"start":{"line":88,"column":83},"end":{"line":102,"column":5}},"line":88},"14":{"name":"(anonymous_14)","decl":{"start":{"line":98,"column":13},"end":{"line":98,"column":14}},"loc":{"start":{"line":98,"column":27},"end":{"line":101,"column":9}},"line":98},"15":{"name":"(anonymous_15)","decl":{"start":{"line":103,"column":71},"end":{"line":103,"column":72}},"loc":{"start":{"line":103,"column":79},"end":{"line":114,"column":5}},"line":103},"16":{"name":"(anonymous_16)","decl":{"start":{"line":110,"column":13},"end":{"line":110,"column":14}},"loc":{"start":{"line":110,"column":27},"end":{"line":113,"column":9}},"line":110},"17":{"name":"(anonymous_17)","decl":{"start":{"line":117,"column":34},"end":{"line":117,"column":35}},"loc":{"start":{"line":117,"column":40},"end":{"line":132,"column":3}},"line":117},"18":{"name":"(anonymous_18)","decl":{"start":{"line":118,"column":58},"end":{"line":118,"column":59}},"loc":{"start":{"line":118,"column":66},"end":{"line":131,"column":5}},"line":118},"19":{"name":"(anonymous_19)","decl":{"start":{"line":127,"column":13},"end":{"line":127,"column":14}},"loc":{"start":{"line":127,"column":27},"end":{"line":130,"column":9}},"line":127}},"branchMap":{},"s":{"0":1,"1":1,"2":1,"3":1,"4":1,"5":1,"6":1,"7":1,"8":1,"9":1,"10":1,"11":1,"12":1,"13":1,"14":1,"15":1,"16":1,"17":1,"18":1,"19":1,"20":1,"21":1,"22":1,"23":1,"24":1,"25":1,"26":1,"27":1,"28":1,"29":1,"30":1,"31":1,"32":1,"33":1,"34":1,"35":1,"36":1,"37":1,"38":1,"39":1,"40":1,"41":1,"42":1,"43":1,"44":1,"45":1,"46":1,"47":1,"48":1,"49":1},"f":{"0":1,"1":1,"2":1,"3":1,"4":1,"5":1,"6":1,"7":1,"8":1,"9":1,"10":1,"11":1,"12":1,"13":1,"14":1,"15":1,"16":1,"17":1,"18":1,"19":1},"b":{},"_coverageSchema":"43e27e138ebf9cfc5966b082cf9a028302ed4184","hash":"931c3b11f4014950ed4d85972035ac063dd30bb1","contentHash":"3febe98e0a05659cd7e6c3b07f11a08034687e9cd86363e3a305ab74141c37d9"}}